DEBUG cluster-ClusterId{value='563ab660c95d7610d51724c3', description='null'}-localhost:27017 org.mongodb.driver.cluster - Updating cluster description to  {type=STANDALONE, servers=[{address=localhost:27017, type=STANDALONE, roundTripTime=0.9 ms, state=CONNECTED}]
DEBUG cluster-ClusterId{value='563ab660c95d7610d51724c3', description='null'}-localhost:27017 org.mongodb.driver.cluster - Checking status of localhost:27017
DEBUG cluster-ClusterId{value='563ab660c95d7610d51724c3', description='null'}-localhost:27017 org.mongodb.driver.cluster - Updating cluster description to  {type=STANDALONE, servers=[{address=localhost:27017, type=STANDALONE, roundTripTime=0.9 ms, state=CONNECTED}]
DEBUG cluster-ClusterId{value='563ab660c95d7610d51724c3', description='null'}-localhost:27017 org.mongodb.driver.cluster - Checking status of localhost:27017
DEBUG cluster-ClusterId{value='563ab660c95d7610d51724c3', description='null'}-localhost:27017 org.mongodb.driver.cluster - Updating cluster description to  {type=STANDALONE, servers=[{address=localhost:27017, type=STANDALONE, roundTripTime=0.8 ms, state=CONNECTED}]
DEBUG cluster-ClusterId{value='563ab660c95d7610d51724c3', description='null'}-localhost:27017 org.mongodb.driver.cluster - Checking status of localhost:27017
DEBUG cluster-ClusterId{value='563ab660c95d7610d51724c3', description='null'}-localhost:27017 org.mongodb.driver.cluster - Updating cluster description to  {type=STANDALONE, servers=[{address=localhost:27017, type=STANDALONE, roundTripTime=0.8 ms, state=CONNECTED}]
DEBUG cluster-ClusterId{value='563ab660c95d7610d51724c3', description='null'}-localhost:27017 org.mongodb.driver.cluster - Checking status of localhost:27017
DEBUG cluster-ClusterId{value='563ab660c95d7610d51724c3', description='null'}-localhost:27017 org.mongodb.driver.cluster - Updating cluster description to  {type=STANDALONE, servers=[{address=localhost:27017, type=STANDALONE, roundTripTime=0.7 ms, state=CONNECTED}]
DEBUG cluster-ClusterId{value='563ab660c95d7610d51724c3', description='null'}-localhost:27017 org.mongodb.driver.cluster - Checking status of localhost:27017
DEBUG cluster-ClusterId{value='563ab660c95d7610d51724c3', description='null'}-localhost:27017 org.mongodb.driver.cluster - Updating cluster description to  {type=STANDALONE, servers=[{address=localhost:27017, type=STANDALONE, roundTripTime=0.7 ms, state=CONNECTED}]
DEBUG qtp1241938981-18 Selector1 org.eclipse.jetty.io.nio - created SCEP@3cea336{l(/0:0:0:0:0:0:0:1:56527)<->r(/0:0:0:0:0:0:0:1:3000),s=0,open=true,ishut=false,oshut=false,rb=false,wb=false,w=true,i=0}-{AsyncHttpConnection@335dd1dc,g=HttpGenerator{s=0,h=-1,b=-1,c=-1},p=HttpParser{s=-14,l=0,c=0},r=0}
DEBUG qtp1241938981-18 Selector1 org.eclipse.jetty.io.nio - created SCEP@16adbf08{l(/0:0:0:0:0:0:0:1:56529)<->r(/0:0:0:0:0:0:0:1:3000),s=0,open=true,ishut=false,oshut=false,rb=false,wb=false,w=true,i=0}-{AsyncHttpConnection@608c79f8,g=HttpGenerator{s=0,h=-1,b=-1,c=-1},p=HttpParser{s=-14,l=0,c=0},r=0}
DEBUG qtp1241938981-17 Selector0 org.eclipse.jetty.io.nio - created SCEP@1ed4bb5d{l(/0:0:0:0:0:0:0:1:56528)<->r(/0:0:0:0:0:0:0:1:3000),s=0,open=true,ishut=false,oshut=false,rb=false,wb=false,w=true,i=0}-{AsyncHttpConnection@1f58968b,g=HttpGenerator{s=0,h=-1,b=-1,c=-1},p=HttpParser{s=-14,l=0,c=0},r=0}
DEBUG qtp1241938981-31 org.eclipse.jetty.http.HttpParser - filled 0/0
DEBUG qtp1241938981-33 org.eclipse.jetty.http.HttpParser - filled 0/0
DEBUG qtp1241938981-29 org.eclipse.jetty.http.HttpParser - filled 0/0
DEBUG qtp1241938981-24 org.eclipse.jetty.http.HttpParser - filled 512/512
DEBUG qtp1241938981-24 - / org.eclipse.jetty.server.Server - REQUEST / on AsyncHttpConnection@748d51d,g=HttpGenerator{s=0,h=-1,b=-1,c=-1},p=HttpParser{s=-5,l=63,c=0},r=15
DEBUG qtp1241938981-24 - / org.eclipse.jetty.server.Server - RESPONSE /  500 handled=true
DEBUG qtp1241938981-24 org.eclipse.jetty.server.AsyncHttpConnection - Enabled read interest SCEP@38972679{l(/0:0:0:0:0:0:0:1:56294)<->r(/0:0:0:0:0:0:0:1:3000),s=1,open=true,ishut=false,oshut=false,rb=false,wb=false,w=true,i=1r}-{AsyncHttpConnection@748d51d,g=HttpGenerator{s=4,h=0,b=0,c=-1},p=HttpParser{s=0,l=63,c=0},r=15}
DEBUG qtp1241938981-24 org.eclipse.jetty.http.HttpParser - filled 0/0
DEBUG cluster-ClusterId{value='563ab660c95d7610d51724c3', description='null'}-localhost:27017 org.mongodb.driver.cluster - Checking status of localhost:27017
DEBUG cluster-ClusterId{value='563ab660c95d7610d51724c3', description='null'}-localhost:27017 org.mongodb.driver.cluster - Updating cluster description to  {type=STANDALONE, servers=[{address=localhost:27017, type=STANDALONE, roundTripTime=0.8 ms, state=CONNECTED}]
DEBUG cluster-ClusterId{value='563ab660c95d7610d51724c3', description='null'}-localhost:27017 org.mongodb.driver.cluster - Checking status of localhost:27017
DEBUG cluster-ClusterId{value='563ab660c95d7610d51724c3', description='null'}-localhost:27017 org.mongodb.driver.cluster - Updating cluster description to  {type=STANDALONE, servers=[{address=localhost:27017, type=STANDALONE, roundTripTime=0.7 ms, state=CONNECTED}]
DEBUG qtp1241938981-33 org.eclipse.jetty.io.nio.ChannelEndPoint - ishut SCEP@16adbf08{l(/0:0:0:0:0:0:0:1:56529)<->r(/0:0:0:0:0:0:0:1:3000),s=1,open=true,ishut=false,oshut=false,rb=false,wb=false,w=true,i=1r}-{AsyncHttpConnection@608c79f8,g=HttpGenerator{s=0,h=-1,b=-1,c=-1},p=HttpParser{s=-14,l=0,c=0},r=0}
DEBUG qtp1241938981-31 org.eclipse.jetty.io.nio.ChannelEndPoint - ishut SCEP@3cea336{l(/0:0:0:0:0:0:0:1:56527)<->r(/0:0:0:0:0:0:0:1:3000),s=1,open=true,ishut=false,oshut=false,rb=false,wb=false,w=true,i=1r}-{AsyncHttpConnection@335dd1dc,g=HttpGenerator{s=0,h=-1,b=-1,c=-1},p=HttpParser{s=-14,l=0,c=0},r=0}
DEBUG qtp1241938981-33 org.eclipse.jetty.http.HttpParser - filled -1/0
DEBUG qtp1241938981-24 org.eclipse.jetty.io.nio.ChannelEndPoint - ishut SCEP@1ed4bb5d{l(/0:0:0:0:0:0:0:1:56528)<->r(/0:0:0:0:0:0:0:1:3000),s=1,open=true,ishut=false,oshut=false,rb=false,wb=false,w=true,i=1r}-{AsyncHttpConnection@1f58968b,g=HttpGenerator{s=0,h=-1,b=-1,c=-1},p=HttpParser{s=-14,l=0,c=0},r=0}
DEBUG qtp1241938981-33 org.eclipse.jetty.server.AsyncHttpConnection - Disabled read interest while writing response SCEP@16adbf08{l(/0:0:0:0:0:0:0:1:56529)<->r(/0:0:0:0:0:0:0:1:3000),s=1,open=true,ishut=true,oshut=false,rb=false,wb=false,w=true,i=1r}-{AsyncHttpConnection@608c79f8,g=HttpGenerator{s=0,h=-1,b=-1,c=-1},p=HttpParser{s=0,l=0,c=0},r=0}
DEBUG qtp1241938981-31 org.eclipse.jetty.http.HttpParser - filled -1/0
DEBUG qtp1241938981-33 org.eclipse.jetty.io.nio.ChannelEndPoint - close SCEP@16adbf08{l(/0:0:0:0:0:0:0:1:56529)<->r(/0:0:0:0:0:0:0:1:3000),s=1,open=true,ishut=true,oshut=false,rb=false,wb=false,w=true,i=1r}-{AsyncHttpConnection@608c79f8,g=HttpGenerator{s=0,h=-1,b=-1,c=-1},p=HttpParser{s=0,l=0,c=0},r=0}
DEBUG qtp1241938981-31 org.eclipse.jetty.server.AsyncHttpConnection - Disabled read interest while writing response SCEP@3cea336{l(/0:0:0:0:0:0:0:1:56527)<->r(/0:0:0:0:0:0:0:1:3000),s=1,open=true,ishut=true,oshut=false,rb=false,wb=false,w=true,i=1r}-{AsyncHttpConnection@335dd1dc,g=HttpGenerator{s=0,h=-1,b=-1,c=-1},p=HttpParser{s=0,l=0,c=0},r=0}
DEBUG qtp1241938981-31 org.eclipse.jetty.io.nio.ChannelEndPoint - close SCEP@3cea336{l(/0:0:0:0:0:0:0:1:56527)<->r(/0:0:0:0:0:0:0:1:3000),s=1,open=true,ishut=true,oshut=false,rb=false,wb=false,w=true,i=1r}-{AsyncHttpConnection@335dd1dc,g=HttpGenerator{s=0,h=-1,b=-1,c=-1},p=HttpParser{s=0,l=0,c=0},r=0}
DEBUG qtp1241938981-18 Selector1 org.eclipse.jetty.io.nio - created SCEP@6bc65568{l(/0:0:0:0:0:0:0:1:56534)<->r(/0:0:0:0:0:0:0:1:3000),s=0,open=true,ishut=false,oshut=false,rb=false,wb=false,w=true,i=0}-{AsyncHttpConnection@10e8f2e7,g=HttpGenerator{s=0,h=-1,b=-1,c=-1},p=HttpParser{s=-14,l=0,c=0},r=0}
DEBUG qtp1241938981-18 Selector1 org.eclipse.jetty.io.nio - destroyEndPoint SCEP@16adbf08{l(null)<->r(0.0.0.0/0.0.0.0:3000),s=0,open=false,ishut=true,oshut=true,rb=false,wb=false,w=true,i=1!}-{AsyncHttpConnection@608c79f8,g=HttpGenerator{s=0,h=-1,b=-1,c=-1},p=HttpParser{s=0,l=0,c=0},r=0}
DEBUG qtp1241938981-18 Selector1 org.eclipse.jetty.server.AbstractHttpConnection - closed AsyncHttpConnection@608c79f8,g=HttpGenerator{s=0,h=-1,b=-1,c=-1},p=HttpParser{s=0,l=0,c=0},r=0
DEBUG qtp1241938981-18 Selector1 org.eclipse.jetty.io.nio - destroyEndPoint SCEP@3cea336{l(null)<->r(0.0.0.0/0.0.0.0:3000),s=0,open=false,ishut=true,oshut=true,rb=false,wb=false,w=true,i=1!}-{AsyncHttpConnection@335dd1dc,g=HttpGenerator{s=0,h=-1,b=-1,c=-1},p=HttpParser{s=0,l=0,c=0},r=0}
DEBUG qtp1241938981-18 Selector1 org.eclipse.jetty.server.AbstractHttpConnection - closed AsyncHttpConnection@335dd1dc,g=HttpGenerator{s=0,h=-1,b=-1,c=-1},p=HttpParser{s=0,l=0,c=0},r=0
DEBUG qtp1241938981-24 org.eclipse.jetty.http.HttpParser - filled -1/0
DEBUG qtp1241938981-17 Selector0 org.eclipse.jetty.io.nio - created SCEP@1822bef2{l(/0:0:0:0:0:0:0:1:56533)<->r(/0:0:0:0:0:0:0:1:3000),s=0,open=true,ishut=false,oshut=false,rb=false,wb=false,w=true,i=0}-{AsyncHttpConnection@2397f0f8,g=HttpGenerator{s=0,h=-1,b=-1,c=-1},p=HttpParser{s=-14,l=0,c=0},r=0}
DEBUG qtp1241938981-33 org.eclipse.jetty.http.HttpParser - filled 512/512
DEBUG qtp1241938981-33 - / org.eclipse.jetty.server.Server - REQUEST / on AsyncHttpConnection@748d51d,g=HttpGenerator{s=0,h=-1,b=-1,c=-1},p=HttpParser{s=-5,l=63,c=0},r=16
DEBUG qtp1241938981-29 org.eclipse.jetty.http.HttpParser - filled 0/0
DEBUG qtp1241938981-31 org.eclipse.jetty.http.HttpParser - filled 0/0
DEBUG qtp1241938981-24 org.eclipse.jetty.server.AsyncHttpConnection - Disabled read interest while writing response SCEP@1ed4bb5d{l(/0:0:0:0:0:0:0:1:56528)<->r(/0:0:0:0:0:0:0:1:3000),s=1,open=true,ishut=true,oshut=false,rb=false,wb=false,w=true,i=1r}-{AsyncHttpConnection@1f58968b,g=HttpGenerator{s=0,h=-1,b=-1,c=-1},p=HttpParser{s=0,l=0,c=0},r=0}
DEBUG qtp1241938981-24 org.eclipse.jetty.io.nio.ChannelEndPoint - close SCEP@1ed4bb5d{l(/0:0:0:0:0:0:0:1:56528)<->r(/0:0:0:0:0:0:0:1:3000),s=1,open=true,ishut=true,oshut=false,rb=false,wb=false,w=true,i=1r}-{AsyncHttpConnection@1f58968b,g=HttpGenerator{s=0,h=-1,b=-1,c=-1},p=HttpParser{s=0,l=0,c=0},r=0}
DEBUG qtp1241938981-17 Selector0 org.eclipse.jetty.io.nio - destroyEndPoint SCEP@1ed4bb5d{l(null)<->r(0.0.0.0/0.0.0.0:3000),s=0,open=false,ishut=true,oshut=true,rb=false,wb=false,w=true,i=1!}-{AsyncHttpConnection@1f58968b,g=HttpGenerator{s=0,h=-1,b=-1,c=-1},p=HttpParser{s=0,l=0,c=0},r=0}
DEBUG qtp1241938981-17 Selector0 org.eclipse.jetty.server.AbstractHttpConnection - closed AsyncHttpConnection@1f58968b,g=HttpGenerator{s=0,h=-1,b=-1,c=-1},p=HttpParser{s=0,l=0,c=0},r=0
DEBUG qtp1241938981-33 - / org.eclipse.jetty.server.Server - RESPONSE /  200 handled=true
DEBUG qtp1241938981-33 org.eclipse.jetty.server.AsyncHttpConnection - Enabled read interest SCEP@38972679{l(/0:0:0:0:0:0:0:1:56294)<->r(/0:0:0:0:0:0:0:1:3000),s=1,open=true,ishut=false,oshut=false,rb=false,wb=false,w=true,i=1r}-{AsyncHttpConnection@748d51d,g=HttpGenerator{s=4,h=0,b=0,c=-1},p=HttpParser{s=0,l=63,c=0},r=16}
DEBUG qtp1241938981-33 org.eclipse.jetty.http.HttpParser - filled 0/0
DEBUG qtp1241938981-29 org.eclipse.jetty.http.HttpParser - filled 460/460
DEBUG qtp1241938981-29 - /api/products org.eclipse.jetty.server.Server - REQUEST /api/products on AsyncHttpConnection@748d51d,g=HttpGenerator{s=0,h=-1,b=-1,c=-1},p=HttpParser{s=-5,l=63,c=0},r=17
DEBUG qtp1241938981-29 - /api/products org.eclipse.jetty.server.Server - RESPONSE /api/products  500 handled=true
DEBUG qtp1241938981-29 org.eclipse.jetty.server.AsyncHttpConnection - Enabled read interest SCEP@38972679{l(/0:0:0:0:0:0:0:1:56294)<->r(/0:0:0:0:0:0:0:1:3000),s=1,open=true,ishut=false,oshut=false,rb=false,wb=false,w=true,i=1r}-{AsyncHttpConnection@748d51d,g=HttpGenerator{s=4,h=0,b=0,c=-1},p=HttpParser{s=0,l=63,c=0},r=17}
DEBUG qtp1241938981-29 org.eclipse.jetty.http.HttpParser - filled 0/0
DEBUG cluster-ClusterId{value='563ab660c95d7610d51724c3', description='null'}-localhost:27017 org.mongodb.driver.cluster - Checking status of localhost:27017
DEBUG cluster-ClusterId{value='563ab660c95d7610d51724c3', description='null'}-localhost:27017 org.mongodb.driver.cluster - Updating cluster description to  {type=STANDALONE, servers=[{address=localhost:27017, type=STANDALONE, roundTripTime=0.8 ms, state=CONNECTED}]
DEBUG cluster-ClusterId{value='563ab660c95d7610d51724c3', description='null'}-localhost:27017 org.mongodb.driver.cluster - Checking status of localhost:27017
DEBUG cluster-ClusterId{value='563ab660c95d7610d51724c3', description='null'}-localhost:27017 org.mongodb.driver.cluster - Updating cluster description to  {type=STANDALONE, servers=[{address=localhost:27017, type=STANDALONE, roundTripTime=0.8 ms, state=CONNECTED}]
DEBUG cluster-ClusterId{value='563ab660c95d7610d51724c3', description='null'}-localhost:27017 org.mongodb.driver.cluster - Checking status of localhost:27017
DEBUG cluster-ClusterId{value='563ab660c95d7610d51724c3', description='null'}-localhost:27017 org.mongodb.driver.cluster - Updating cluster description to  {type=STANDALONE, servers=[{address=localhost:27017, type=STANDALONE, roundTripTime=0.8 ms, state=CONNECTED}]
DEBUG cluster-ClusterId{value='563ab660c95d7610d51724c3', description='null'}-localhost:27017 org.mongodb.driver.cluster - Checking status of localhost:27017
DEBUG cluster-ClusterId{value='563ab660c95d7610d51724c3', description='null'}-localhost:27017 org.mongodb.driver.cluster - Updating cluster description to  {type=STANDALONE, servers=[{address=localhost:27017, type=STANDALONE, roundTripTime=0.8 ms, state=CONNECTED}]
DEBUG qtp1241938981-31 org.eclipse.jetty.io.nio.ChannelEndPoint - ishut SCEP@6bc65568{l(/0:0:0:0:0:0:0:1:56534)<->r(/0:0:0:0:0:0:0:1:3000),s=1,open=true,ishut=false,oshut=false,rb=false,wb=false,w=true,i=1r}-{AsyncHttpConnection@10e8f2e7,g=HttpGenerator{s=0,h=-1,b=-1,c=-1},p=HttpParser{s=-14,l=0,c=0},r=0}
DEBUG qtp1241938981-31 org.eclipse.jetty.http.HttpParser - filled -1/0
DEBUG qtp1241938981-29 org.eclipse.jetty.io.nio.ChannelEndPoint - ishut SCEP@1822bef2{l(/0:0:0:0:0:0:0:1:56533)<->r(/0:0:0:0:0:0:0:1:3000),s=1,open=true,ishut=false,oshut=false,rb=false,wb=false,w=true,i=1r}-{AsyncHttpConnection@2397f0f8,g=HttpGenerator{s=0,h=-1,b=-1,c=-1},p=HttpParser{s=-14,l=0,c=0},r=0}
DEBUG qtp1241938981-31 org.eclipse.jetty.server.AsyncHttpConnection - Disabled read interest while writing response SCEP@6bc65568{l(/0:0:0:0:0:0:0:1:56534)<->r(/0:0:0:0:0:0:0:1:3000),s=1,open=true,ishut=true,oshut=false,rb=false,wb=false,w=true,i=1r}-{AsyncHttpConnection@10e8f2e7,g=HttpGenerator{s=0,h=-1,b=-1,c=-1},p=HttpParser{s=0,l=0,c=0},r=0}
DEBUG qtp1241938981-29 org.eclipse.jetty.http.HttpParser - filled -1/0
DEBUG qtp1241938981-31 org.eclipse.jetty.io.nio.ChannelEndPoint - close SCEP@6bc65568{l(/0:0:0:0:0:0:0:1:56534)<->r(/0:0:0:0:0:0:0:1:3000),s=1,open=true,ishut=true,oshut=false,rb=false,wb=false,w=true,i=1r}-{AsyncHttpConnection@10e8f2e7,g=HttpGenerator{s=0,h=-1,b=-1,c=-1},p=HttpParser{s=0,l=0,c=0},r=0}
DEBUG qtp1241938981-29 org.eclipse.jetty.server.AsyncHttpConnection - Disabled read interest while writing response SCEP@1822bef2{l(/0:0:0:0:0:0:0:1:56533)<->r(/0:0:0:0:0:0:0:1:3000),s=1,open=true,ishut=true,oshut=false,rb=false,wb=false,w=true,i=1r}-{AsyncHttpConnection@2397f0f8,g=HttpGenerator{s=0,h=-1,b=-1,c=-1},p=HttpParser{s=0,l=0,c=0},r=0}
DEBUG qtp1241938981-29 org.eclipse.jetty.io.nio.ChannelEndPoint - close SCEP@1822bef2{l(/0:0:0:0:0:0:0:1:56533)<->r(/0:0:0:0:0:0:0:1:3000),s=1,open=true,ishut=true,oshut=false,rb=false,wb=false,w=true,i=1r}-{AsyncHttpConnection@2397f0f8,g=HttpGenerator{s=0,h=-1,b=-1,c=-1},p=HttpParser{s=0,l=0,c=0},r=0}
DEBUG qtp1241938981-18 Selector1 org.eclipse.jetty.io.nio - destroyEndPoint SCEP@6bc65568{l(null)<->r(0.0.0.0/0.0.0.0:3000),s=0,open=false,ishut=true,oshut=true,rb=false,wb=false,w=true,i=1!}-{AsyncHttpConnection@10e8f2e7,g=HttpGenerator{s=0,h=-1,b=-1,c=-1},p=HttpParser{s=0,l=0,c=0},r=0}
DEBUG qtp1241938981-18 Selector1 org.eclipse.jetty.server.AbstractHttpConnection - closed AsyncHttpConnection@10e8f2e7,g=HttpGenerator{s=0,h=-1,b=-1,c=-1},p=HttpParser{s=0,l=0,c=0},r=0
DEBUG qtp1241938981-17 Selector0 org.eclipse.jetty.io.nio - destroyEndPoint SCEP@1822bef2{l(null)<->r(0.0.0.0/0.0.0.0:3000),s=0,open=false,ishut=true,oshut=true,rb=false,wb=false,w=true,i=1!}-{AsyncHttpConnection@2397f0f8,g=HttpGenerator{s=0,h=-1,b=-1,c=-1},p=HttpParser{s=0,l=0,c=0},r=0}
DEBUG qtp1241938981-17 Selector0 org.eclipse.jetty.server.AbstractHttpConnection - closed AsyncHttpConnection@2397f0f8,g=HttpGenerator{s=0,h=-1,b=-1,c=-1},p=HttpParser{s=0,l=0,c=0},r=0
DEBUG cluster-ClusterId{value='563ab660c95d7610d51724c3', description='null'}-localhost:27017 org.mongodb.driver.cluster - Checking status of localhost:27017
DEBUG cluster-ClusterId{value='563ab660c95d7610d51724c3', description='null'}-localhost:27017 org.mongodb.driver.cluster - Updating cluster description to  {type=STANDALONE, servers=[{address=localhost:27017, type=STANDALONE, roundTripTime=0.8 ms, state=CONNECTED}]
DEBUG cluster-ClusterId{value='563ab660c95d7610d51724c3', description='null'}-localhost:27017 org.mongodb.driver.cluster - Checking status of localhost:27017
DEBUG cluster-ClusterId{value='563ab660c95d7610d51724c3', description='null'}-localhost:27017 org.mongodb.driver.cluster - Updating cluster description to  {type=STANDALONE, servers=[{address=localhost:27017, type=STANDALONE, roundTripTime=0.8 ms, state=CONNECTED}]
DEBUG cluster-ClusterId{value='563ab660c95d7610d51724c3', description='null'}-localhost:27017 org.mongodb.driver.cluster - Checking status of localhost:27017
DEBUG cluster-ClusterId{value='563ab660c95d7610d51724c3', description='null'}-localhost:27017 org.mongodb.driver.cluster - Updating cluster description to  {type=STANDALONE, servers=[{address=localhost:27017, type=STANDALONE, roundTripTime=0.8 ms, state=CONNECTED}]
DEBUG cluster-ClusterId{value='563ab660c95d7610d51724c3', description='null'}-localhost:27017 org.mongodb.driver.cluster - Checking status of localhost:27017
DEBUG cluster-ClusterId{value='563ab660c95d7610d51724c3', description='null'}-localhost:27017 org.mongodb.driver.cluster - Updating cluster description to  {type=STANDALONE, servers=[{address=localhost:27017, type=STANDALONE, roundTripTime=0.9 ms, state=CONNECTED}]
DEBUG cluster-ClusterId{value='563ab660c95d7610d51724c3', description='null'}-localhost:27017 org.mongodb.driver.cluster - Checking status of localhost:27017
DEBUG cluster-ClusterId{value='563ab660c95d7610d51724c3', description='null'}-localhost:27017 org.mongodb.driver.cluster - Updating cluster description to  {type=STANDALONE, servers=[{address=localhost:27017, type=STANDALONE, roundTripTime=0.9 ms, state=CONNECTED}]
DEBUG cluster-ClusterId{value='563ab660c95d7610d51724c3', description='null'}-localhost:27017 org.mongodb.driver.cluster - Checking status of localhost:27017
DEBUG cluster-ClusterId{value='563ab660c95d7610d51724c3', description='null'}-localhost:27017 org.mongodb.driver.cluster - Updating cluster description to  {type=STANDALONE, servers=[{address=localhost:27017, type=STANDALONE, roundTripTime=0.8 ms, state=CONNECTED}]
DEBUG cluster-ClusterId{value='563ab660c95d7610d51724c3', description='null'}-localhost:27017 org.mongodb.driver.cluster - Checking status of localhost:27017
DEBUG cluster-ClusterId{value='563ab660c95d7610d51724c3', description='null'}-localhost:27017 org.mongodb.driver.cluster - Updating cluster description to  {type=STANDALONE, servers=[{address=localhost:27017, type=STANDALONE, roundTripTime=0.9 ms, state=CONNECTED}]
DEBUG cluster-ClusterId{value='563ab660c95d7610d51724c3', description='null'}-localhost:27017 org.mongodb.driver.cluster - Checking status of localhost:27017
DEBUG cluster-ClusterId{value='563ab660c95d7610d51724c3', description='null'}-localhost:27017 org.mongodb.driver.cluster - Updating cluster description to  {type=STANDALONE, servers=[{address=localhost:27017, type=STANDALONE, roundTripTime=1.0 ms, state=CONNECTED}]
DEBUG qtp1241938981-17 Selector0 org.eclipse.jetty.io.nio - created SCEP@2487f2f8{l(/0:0:0:0:0:0:0:1:56601)<->r(/0:0:0:0:0:0:0:1:3000),s=0,open=true,ishut=false,oshut=false,rb=false,wb=false,w=true,i=0}-{AsyncHttpConnection@29df1db4,g=HttpGenerator{s=0,h=-1,b=-1,c=-1},p=HttpParser{s=-14,l=0,c=0},r=0}
DEBUG qtp1241938981-18 Selector1 org.eclipse.jetty.io.nio - created SCEP@3abb857d{l(/0:0:0:0:0:0:0:1:56602)<->r(/0:0:0:0:0:0:0:1:3000),s=0,open=true,ishut=false,oshut=false,rb=false,wb=false,w=true,i=0}-{AsyncHttpConnection@638ffa57,g=HttpGenerator{s=0,h=-1,b=-1,c=-1},p=HttpParser{s=-14,l=0,c=0},r=0}
DEBUG qtp1241938981-24 org.eclipse.jetty.http.HttpParser - filled 0/0
DEBUG qtp1241938981-31 org.eclipse.jetty.http.HttpParser - filled 0/0
DEBUG qtp1241938981-29 org.eclipse.jetty.http.HttpParser - filled 512/512
DEBUG qtp1241938981-29 - / org.eclipse.jetty.server.Server - REQUEST / on AsyncHttpConnection@748d51d,g=HttpGenerator{s=0,h=-1,b=-1,c=-1},p=HttpParser{s=-5,l=63,c=0},r=18
DEBUG qtp1241938981-29 - / org.eclipse.jetty.server.Server - RESPONSE /  200 handled=true
DEBUG qtp1241938981-29 org.eclipse.jetty.server.AsyncHttpConnection - Enabled read interest SCEP@38972679{l(/0:0:0:0:0:0:0:1:56294)<->r(/0:0:0:0:0:0:0:1:3000),s=1,open=true,ishut=false,oshut=false,rb=false,wb=false,w=true,i=1r}-{AsyncHttpConnection@748d51d,g=HttpGenerator{s=4,h=0,b=0,c=-1},p=HttpParser{s=0,l=63,c=0},r=18}
DEBUG qtp1241938981-29 org.eclipse.jetty.http.HttpParser - filled 0/0
DEBUG qtp1241938981-24 org.eclipse.jetty.http.HttpParser - filled 460/460
DEBUG qtp1241938981-24 - /api/products org.eclipse.jetty.server.Server - REQUEST /api/products on AsyncHttpConnection@748d51d,g=HttpGenerator{s=0,h=-1,b=-1,c=-1},p=HttpParser{s=-5,l=63,c=0},r=19
DEBUG qtp1241938981-24 - /api/products org.eclipse.jetty.server.Server - RESPONSE /api/products  500 handled=true
DEBUG qtp1241938981-24 org.eclipse.jetty.server.AsyncHttpConnection - Enabled read interest SCEP@38972679{l(/0:0:0:0:0:0:0:1:56294)<->r(/0:0:0:0:0:0:0:1:3000),s=1,open=true,ishut=false,oshut=false,rb=false,wb=false,w=true,i=1r}-{AsyncHttpConnection@748d51d,g=HttpGenerator{s=4,h=0,b=0,c=-1},p=HttpParser{s=0,l=63,c=0},r=19}
DEBUG qtp1241938981-24 org.eclipse.jetty.http.HttpParser - filled 0/0
DEBUG cluster-ClusterId{value='563ab660c95d7610d51724c3', description='null'}-localhost:27017 org.mongodb.driver.cluster - Checking status of localhost:27017
DEBUG cluster-ClusterId{value='563ab660c95d7610d51724c3', description='null'}-localhost:27017 org.mongodb.driver.cluster - Updating cluster description to  {type=STANDALONE, servers=[{address=localhost:27017, type=STANDALONE, roundTripTime=1.0 ms, state=CONNECTED}]
DEBUG cluster-ClusterId{value='563ab660c95d7610d51724c3', description='null'}-localhost:27017 org.mongodb.driver.cluster - Checking status of localhost:27017
DEBUG cluster-ClusterId{value='563ab660c95d7610d51724c3', description='null'}-localhost:27017 org.mongodb.driver.cluster - Updating cluster description to  {type=STANDALONE, servers=[{address=localhost:27017, type=STANDALONE, roundTripTime=0.9 ms, state=CONNECTED}]
DEBUG cluster-ClusterId{value='563ab660c95d7610d51724c3', description='null'}-localhost:27017 org.mongodb.driver.cluster - Checking status of localhost:27017
DEBUG cluster-ClusterId{value='563ab660c95d7610d51724c3', description='null'}-localhost:27017 org.mongodb.driver.cluster - Updating cluster description to  {type=STANDALONE, servers=[{address=localhost:27017, type=STANDALONE, roundTripTime=0.9 ms, state=CONNECTED}]
DEBUG cluster-ClusterId{value='563ab660c95d7610d51724c3', description='null'}-localhost:27017 org.mongodb.driver.cluster - Checking status of localhost:27017
DEBUG cluster-ClusterId{value='563ab660c95d7610d51724c3', description='null'}-localhost:27017 org.mongodb.driver.cluster - Updating cluster description to  {type=STANDALONE, servers=[{address=localhost:27017, type=STANDALONE, roundTripTime=0.9 ms, state=CONNECTED}]
DEBUG cluster-ClusterId{value='563ab660c95d7610d51724c3', description='null'}-localhost:27017 org.mongodb.driver.cluster - Checking status of localhost:27017
DEBUG cluster-ClusterId{value='563ab660c95d7610d51724c3', description='null'}-localhost:27017 org.mongodb.driver.cluster - Updating cluster description to  {type=STANDALONE, servers=[{address=localhost:27017, type=STANDALONE, roundTripTime=0.9 ms, state=CONNECTED}]
DEBUG cluster-ClusterId{value='563ab660c95d7610d51724c3', description='null'}-localhost:27017 org.mongodb.driver.cluster - Checking status of localhost:27017
DEBUG cluster-ClusterId{value='563ab660c95d7610d51724c3', description='null'}-localhost:27017 org.mongodb.driver.cluster - Updating cluster description to  {type=STANDALONE, servers=[{address=localhost:27017, type=STANDALONE, roundTripTime=0.9 ms, state=CONNECTED}]
DEBUG cluster-ClusterId{value='563ab660c95d7610d51724c3', description='null'}-localhost:27017 org.mongodb.driver.cluster - Checking status of localhost:27017
DEBUG cluster-ClusterId{value='563ab660c95d7610d51724c3', description='null'}-localhost:27017 org.mongodb.driver.cluster - Updating cluster description to  {type=STANDALONE, servers=[{address=localhost:27017, type=STANDALONE, roundTripTime=0.9 ms, state=CONNECTED}]
DEBUG qtp1241938981-29 org.eclipse.jetty.io.nio.ChannelEndPoint - ishut SCEP@2487f2f8{l(/0:0:0:0:0:0:0:1:56601)<->r(/0:0:0:0:0:0:0:1:3000),s=1,open=true,ishut=false,oshut=false,rb=false,wb=false,w=true,i=1r}-{AsyncHttpConnection@29df1db4,g=HttpGenerator{s=0,h=-1,b=-1,c=-1},p=HttpParser{s=-14,l=0,c=0},r=0}
DEBUG qtp1241938981-33 org.eclipse.jetty.io.nio.ChannelEndPoint - ishut SCEP@3abb857d{l(/0:0:0:0:0:0:0:1:56602)<->r(/0:0:0:0:0:0:0:1:3000),s=1,open=true,ishut=false,oshut=false,rb=false,wb=false,w=true,i=1r}-{AsyncHttpConnection@638ffa57,g=HttpGenerator{s=0,h=-1,b=-1,c=-1},p=HttpParser{s=-14,l=0,c=0},r=0}
DEBUG qtp1241938981-29 org.eclipse.jetty.http.HttpParser - filled -1/0
DEBUG qtp1241938981-33 org.eclipse.jetty.http.HttpParser - filled -1/0
DEBUG qtp1241938981-29 org.eclipse.jetty.server.AsyncHttpConnection - Disabled read interest while writing response SCEP@2487f2f8{l(/0:0:0:0:0:0:0:1:56601)<->r(/0:0:0:0:0:0:0:1:3000),s=1,open=true,ishut=true,oshut=false,rb=false,wb=false,w=true,i=1r}-{AsyncHttpConnection@29df1db4,g=HttpGenerator{s=0,h=-1,b=-1,c=-1},p=HttpParser{s=0,l=0,c=0},r=0}
DEBUG qtp1241938981-17 Selector0 org.eclipse.jetty.io.nio - created SCEP@4bbb968c{l(/0:0:0:0:0:0:0:1:56603)<->r(/0:0:0:0:0:0:0:1:3000),s=0,open=true,ishut=false,oshut=false,rb=false,wb=false,w=true,i=0}-{AsyncHttpConnection@5030bd31,g=HttpGenerator{s=0,h=-1,b=-1,c=-1},p=HttpParser{s=-14,l=0,c=0},r=0}
DEBUG qtp1241938981-18 Selector1 org.eclipse.jetty.io.nio - created SCEP@6709eaf6{l(/0:0:0:0:0:0:0:1:56604)<->r(/0:0:0:0:0:0:0:1:3000),s=0,open=true,ishut=false,oshut=false,rb=false,wb=false,w=true,i=0}-{AsyncHttpConnection@17f0b07,g=HttpGenerator{s=0,h=-1,b=-1,c=-1},p=HttpParser{s=-14,l=0,c=0},r=0}
DEBUG qtp1241938981-29 org.eclipse.jetty.io.nio.ChannelEndPoint - close SCEP@2487f2f8{l(/0:0:0:0:0:0:0:1:56601)<->r(/0:0:0:0:0:0:0:1:3000),s=1,open=true,ishut=true,oshut=false,rb=false,wb=false,w=true,i=1r}-{AsyncHttpConnection@29df1db4,g=HttpGenerator{s=0,h=-1,b=-1,c=-1},p=HttpParser{s=0,l=0,c=0},r=0}
DEBUG qtp1241938981-33 org.eclipse.jetty.server.AsyncHttpConnection - Disabled read interest while writing response SCEP@3abb857d{l(/0:0:0:0:0:0:0:1:56602)<->r(/0:0:0:0:0:0:0:1:3000),s=1,open=true,ishut=true,oshut=false,rb=false,wb=false,w=true,i=1r}-{AsyncHttpConnection@638ffa57,g=HttpGenerator{s=0,h=-1,b=-1,c=-1},p=HttpParser{s=0,l=0,c=0},r=0}
DEBUG qtp1241938981-29 org.eclipse.jetty.http.HttpParser - filled 512/512
DEBUG qtp1241938981-31 org.eclipse.jetty.http.HttpParser - filled 0/0
DEBUG qtp1241938981-24 org.eclipse.jetty.http.HttpParser - filled 0/0
DEBUG qtp1241938981-29 - / org.eclipse.jetty.server.Server - REQUEST / on AsyncHttpConnection@748d51d,g=HttpGenerator{s=0,h=-1,b=-1,c=-1},p=HttpParser{s=-5,l=63,c=0},r=20
DEBUG qtp1241938981-17 Selector0 org.eclipse.jetty.io.nio - destroyEndPoint SCEP@2487f2f8{l(null)<->r(0.0.0.0/0.0.0.0:3000),s=0,open=false,ishut=true,oshut=true,rb=false,wb=false,w=true,i=1!}-{AsyncHttpConnection@29df1db4,g=HttpGenerator{s=0,h=-1,b=-1,c=-1},p=HttpParser{s=0,l=0,c=0},r=0}
DEBUG qtp1241938981-33 org.eclipse.jetty.io.nio.ChannelEndPoint - close SCEP@3abb857d{l(/0:0:0:0:0:0:0:1:56602)<->r(/0:0:0:0:0:0:0:1:3000),s=1,open=true,ishut=true,oshut=false,rb=false,wb=false,w=true,i=1r}-{AsyncHttpConnection@638ffa57,g=HttpGenerator{s=0,h=-1,b=-1,c=-1},p=HttpParser{s=0,l=0,c=0},r=0}
DEBUG qtp1241938981-17 Selector0 org.eclipse.jetty.server.AbstractHttpConnection - closed AsyncHttpConnection@29df1db4,g=HttpGenerator{s=0,h=-1,b=-1,c=-1},p=HttpParser{s=0,l=0,c=0},r=0
DEBUG qtp1241938981-18 Selector1 org.eclipse.jetty.io.nio - destroyEndPoint SCEP@3abb857d{l(null)<->r(0.0.0.0/0.0.0.0:3000),s=0,open=false,ishut=true,oshut=true,rb=false,wb=false,w=true,i=1!}-{AsyncHttpConnection@638ffa57,g=HttpGenerator{s=0,h=-1,b=-1,c=-1},p=HttpParser{s=0,l=0,c=0},r=0}
DEBUG qtp1241938981-18 Selector1 org.eclipse.jetty.server.AbstractHttpConnection - closed AsyncHttpConnection@638ffa57,g=HttpGenerator{s=0,h=-1,b=-1,c=-1},p=HttpParser{s=0,l=0,c=0},r=0
DEBUG qtp1241938981-29 - / org.eclipse.jetty.server.Server - RESPONSE /  500 handled=true
DEBUG qtp1241938981-29 org.eclipse.jetty.server.AsyncHttpConnection - Enabled read interest SCEP@38972679{l(/0:0:0:0:0:0:0:1:56294)<->r(/0:0:0:0:0:0:0:1:3000),s=1,open=true,ishut=false,oshut=false,rb=false,wb=false,w=true,i=1r}-{AsyncHttpConnection@748d51d,g=HttpGenerator{s=4,h=0,b=0,c=-1},p=HttpParser{s=0,l=63,c=0},r=20}
DEBUG qtp1241938981-29 org.eclipse.jetty.http.HttpParser - filled 0/0
DEBUG cluster-ClusterId{value='563ab660c95d7610d51724c3', description='null'}-localhost:27017 org.mongodb.driver.cluster - Checking status of localhost:27017
DEBUG cluster-ClusterId{value='563ab660c95d7610d51724c3', description='null'}-localhost:27017 org.mongodb.driver.cluster - Updating cluster description to  {type=STANDALONE, servers=[{address=localhost:27017, type=STANDALONE, roundTripTime=1.0 ms, state=CONNECTED}]
DEBUG cluster-ClusterId{value='563ab660c95d7610d51724c3', description='null'}-localhost:27017 org.mongodb.driver.cluster - Checking status of localhost:27017
DEBUG cluster-ClusterId{value='563ab660c95d7610d51724c3', description='null'}-localhost:27017 org.mongodb.driver.cluster - Updating cluster description to  {type=STANDALONE, servers=[{address=localhost:27017, type=STANDALONE, roundTripTime=0.9 ms, state=CONNECTED}]
DEBUG cluster-ClusterId{value='563ab660c95d7610d51724c3', description='null'}-localhost:27017 org.mongodb.driver.cluster - Checking status of localhost:27017
DEBUG cluster-ClusterId{value='563ab660c95d7610d51724c3', description='null'}-localhost:27017 org.mongodb.driver.cluster - Updating cluster description to  {type=STANDALONE, servers=[{address=localhost:27017, type=STANDALONE, roundTripTime=0.9 ms, state=CONNECTED}]
DEBUG cluster-ClusterId{value='563ab660c95d7610d51724c3', description='null'}-localhost:27017 org.mongodb.driver.cluster - Checking status of localhost:27017
DEBUG cluster-ClusterId{value='563ab660c95d7610d51724c3', description='null'}-localhost:27017 org.mongodb.driver.cluster - Updating cluster description to  {type=STANDALONE, servers=[{address=localhost:27017, type=STANDALONE, roundTripTime=0.8 ms, state=CONNECTED}]
DEBUG qtp1241938981-29 org.eclipse.jetty.io.nio.ChannelEndPoint - ishut SCEP@4bbb968c{l(/0:0:0:0:0:0:0:1:56603)<->r(/0:0:0:0:0:0:0:1:3000),s=1,open=true,ishut=false,oshut=false,rb=false,wb=false,w=true,i=1r}-{AsyncHttpConnection@5030bd31,g=HttpGenerator{s=0,h=-1,b=-1,c=-1},p=HttpParser{s=-14,l=0,c=0},r=0}
DEBUG qtp1241938981-33 org.eclipse.jetty.io.nio.ChannelEndPoint - ishut SCEP@6709eaf6{l(/0:0:0:0:0:0:0:1:56604)<->r(/0:0:0:0:0:0:0:1:3000),s=1,open=true,ishut=false,oshut=false,rb=false,wb=false,w=true,i=1r}-{AsyncHttpConnection@17f0b07,g=HttpGenerator{s=0,h=-1,b=-1,c=-1},p=HttpParser{s=-14,l=0,c=0},r=0}
DEBUG qtp1241938981-29 org.eclipse.jetty.http.HttpParser - filled -1/0
DEBUG qtp1241938981-33 org.eclipse.jetty.http.HttpParser - filled -1/0
DEBUG qtp1241938981-29 org.eclipse.jetty.server.AsyncHttpConnection - Disabled read interest while writing response SCEP@4bbb968c{l(/0:0:0:0:0:0:0:1:56603)<->r(/0:0:0:0:0:0:0:1:3000),s=1,open=true,ishut=true,oshut=false,rb=false,wb=false,w=true,i=1r}-{AsyncHttpConnection@5030bd31,g=HttpGenerator{s=0,h=-1,b=-1,c=-1},p=HttpParser{s=0,l=0,c=0},r=0}
DEBUG qtp1241938981-33 org.eclipse.jetty.server.AsyncHttpConnection - Disabled read interest while writing response SCEP@6709eaf6{l(/0:0:0:0:0:0:0:1:56604)<->r(/0:0:0:0:0:0:0:1:3000),s=1,open=true,ishut=true,oshut=false,rb=false,wb=false,w=true,i=1r}-{AsyncHttpConnection@17f0b07,g=HttpGenerator{s=0,h=-1,b=-1,c=-1},p=HttpParser{s=0,l=0,c=0},r=0}
DEBUG qtp1241938981-17 Selector0 org.eclipse.jetty.io.nio - created SCEP@2d6eb943{l(/0:0:0:0:0:0:0:1:56605)<->r(/0:0:0:0:0:0:0:1:3000),s=0,open=true,ishut=false,oshut=false,rb=false,wb=false,w=true,i=0}-{AsyncHttpConnection@3af64594,g=HttpGenerator{s=0,h=-1,b=-1,c=-1},p=HttpParser{s=-14,l=0,c=0},r=0}
DEBUG qtp1241938981-29 org.eclipse.jetty.io.nio.ChannelEndPoint - close SCEP@4bbb968c{l(/0:0:0:0:0:0:0:1:56603)<->r(/0:0:0:0:0:0:0:1:3000),s=1,open=true,ishut=true,oshut=false,rb=false,wb=false,w=true,i=1r}-{AsyncHttpConnection@5030bd31,g=HttpGenerator{s=0,h=-1,b=-1,c=-1},p=HttpParser{s=0,l=0,c=0},r=0}
DEBUG qtp1241938981-33 org.eclipse.jetty.io.nio.ChannelEndPoint - close SCEP@6709eaf6{l(/0:0:0:0:0:0:0:1:56604)<->r(/0:0:0:0:0:0:0:1:3000),s=1,open=true,ishut=true,oshut=false,rb=false,wb=false,w=true,i=1r}-{AsyncHttpConnection@17f0b07,g=HttpGenerator{s=0,h=-1,b=-1,c=-1},p=HttpParser{s=0,l=0,c=0},r=0}
DEBUG qtp1241938981-17 Selector0 org.eclipse.jetty.io.nio - destroyEndPoint SCEP@4bbb968c{l(null)<->r(0.0.0.0/0.0.0.0:3000),s=0,open=false,ishut=true,oshut=true,rb=false,wb=false,w=true,i=1!}-{AsyncHttpConnection@5030bd31,g=HttpGenerator{s=0,h=-1,b=-1,c=-1},p=HttpParser{s=0,l=0,c=0},r=0}
DEBUG qtp1241938981-17 Selector0 org.eclipse.jetty.server.AbstractHttpConnection - closed AsyncHttpConnection@5030bd31,g=HttpGenerator{s=0,h=-1,b=-1,c=-1},p=HttpParser{s=0,l=0,c=0},r=0
DEBUG qtp1241938981-18 Selector1 org.eclipse.jetty.io.nio - created SCEP@138fb38a{l(/0:0:0:0:0:0:0:1:56606)<->r(/0:0:0:0:0:0:0:1:3000),s=0,open=true,ishut=false,oshut=false,rb=false,wb=false,w=true,i=0}-{AsyncHttpConnection@3b79b557,g=HttpGenerator{s=0,h=-1,b=-1,c=-1},p=HttpParser{s=-14,l=0,c=0},r=0}
DEBUG qtp1241938981-29 org.eclipse.jetty.http.HttpParser - filled 0/0
DEBUG qtp1241938981-31 org.eclipse.jetty.http.HttpParser - filled 0/0
DEBUG qtp1241938981-18 Selector1 org.eclipse.jetty.io.nio - destroyEndPoint SCEP@6709eaf6{l(null)<->r(0.0.0.0/0.0.0.0:3000),s=0,open=false,ishut=true,oshut=true,rb=false,wb=false,w=true,i=1!}-{AsyncHttpConnection@17f0b07,g=HttpGenerator{s=0,h=-1,b=-1,c=-1},p=HttpParser{s=0,l=0,c=0},r=0}
DEBUG qtp1241938981-24 org.eclipse.jetty.http.HttpParser - filled 512/512
DEBUG qtp1241938981-18 Selector1 org.eclipse.jetty.server.AbstractHttpConnection - closed AsyncHttpConnection@17f0b07,g=HttpGenerator{s=0,h=-1,b=-1,c=-1},p=HttpParser{s=0,l=0,c=0},r=0
DEBUG qtp1241938981-24 - / org.eclipse.jetty.server.Server - REQUEST / on AsyncHttpConnection@748d51d,g=HttpGenerator{s=0,h=-1,b=-1,c=-1},p=HttpParser{s=-5,l=63,c=0},r=21
DEBUG qtp1241938981-24 - / org.eclipse.jetty.server.Server - RESPONSE /  200 handled=true
DEBUG qtp1241938981-24 org.eclipse.jetty.server.AsyncHttpConnection - Enabled read interest SCEP@38972679{l(/0:0:0:0:0:0:0:1:56294)<->r(/0:0:0:0:0:0:0:1:3000),s=1,open=true,ishut=false,oshut=false,rb=false,wb=false,w=true,i=1r}-{AsyncHttpConnection@748d51d,g=HttpGenerator{s=4,h=0,b=0,c=-1},p=HttpParser{s=0,l=63,c=0},r=21}
DEBUG qtp1241938981-24 org.eclipse.jetty.http.HttpParser - filled 0/0
DEBUG qtp1241938981-33 org.eclipse.jetty.http.HttpParser - filled 460/460
DEBUG qtp1241938981-33 - /api/products org.eclipse.jetty.server.Server - REQUEST /api/products on AsyncHttpConnection@748d51d,g=HttpGenerator{s=0,h=-1,b=-1,c=-1},p=HttpParser{s=-5,l=63,c=0},r=22
DEBUG qtp1241938981-33 - /api/products org.eclipse.jetty.server.Server - RESPONSE /api/products  500 handled=true
DEBUG qtp1241938981-33 org.eclipse.jetty.server.AsyncHttpConnection - Enabled read interest SCEP@38972679{l(/0:0:0:0:0:0:0:1:56294)<->r(/0:0:0:0:0:0:0:1:3000),s=1,open=true,ishut=false,oshut=false,rb=false,wb=false,w=true,i=1r}-{AsyncHttpConnection@748d51d,g=HttpGenerator{s=4,h=0,b=0,c=-1},p=HttpParser{s=0,l=63,c=0},r=22}
DEBUG qtp1241938981-33 org.eclipse.jetty.http.HttpParser - filled 0/0
DEBUG cluster-ClusterId{value='563ab660c95d7610d51724c3', description='null'}-localhost:27017 org.mongodb.driver.cluster - Checking status of localhost:27017
DEBUG cluster-ClusterId{value='563ab660c95d7610d51724c3', description='null'}-localhost:27017 org.mongodb.driver.cluster - Updating cluster description to  {type=STANDALONE, servers=[{address=localhost:27017, type=STANDALONE, roundTripTime=0.9 ms, state=CONNECTED}]
DEBUG cluster-ClusterId{value='563ab660c95d7610d51724c3', description='null'}-localhost:27017 org.mongodb.driver.cluster - Checking status of localhost:27017
DEBUG cluster-ClusterId{value='563ab660c95d7610d51724c3', description='null'}-localhost:27017 org.mongodb.driver.cluster - Updating cluster description to  {type=STANDALONE, servers=[{address=localhost:27017, type=STANDALONE, roundTripTime=0.9 ms, state=CONNECTED}]
DEBUG cluster-ClusterId{value='563ab660c95d7610d51724c3', description='null'}-localhost:27017 org.mongodb.driver.cluster - Checking status of localhost:27017
DEBUG cluster-ClusterId{value='563ab660c95d7610d51724c3', description='null'}-localhost:27017 org.mongodb.driver.cluster - Updating cluster description to  {type=STANDALONE, servers=[{address=localhost:27017, type=STANDALONE, roundTripTime=0.9 ms, state=CONNECTED}]
DEBUG qtp1241938981-29 org.eclipse.jetty.io.nio.ChannelEndPoint - ishut SCEP@138fb38a{l(/0:0:0:0:0:0:0:1:56606)<->r(/0:0:0:0:0:0:0:1:3000),s=1,open=true,ishut=false,oshut=false,rb=false,wb=false,w=true,i=1r}-{AsyncHttpConnection@3b79b557,g=HttpGenerator{s=0,h=-1,b=-1,c=-1},p=HttpParser{s=-14,l=0,c=0},r=0}
DEBUG qtp1241938981-33 org.eclipse.jetty.io.nio.ChannelEndPoint - ishut SCEP@2d6eb943{l(/0:0:0:0:0:0:0:1:56605)<->r(/0:0:0:0:0:0:0:1:3000),s=1,open=true,ishut=false,oshut=false,rb=false,wb=false,w=true,i=1r}-{AsyncHttpConnection@3af64594,g=HttpGenerator{s=0,h=-1,b=-1,c=-1},p=HttpParser{s=-14,l=0,c=0},r=0}
DEBUG qtp1241938981-29 org.eclipse.jetty.http.HttpParser - filled -1/0
DEBUG qtp1241938981-33 org.eclipse.jetty.http.HttpParser - filled -1/0
DEBUG qtp1241938981-29 org.eclipse.jetty.server.AsyncHttpConnection - Disabled read interest while writing response SCEP@138fb38a{l(/0:0:0:0:0:0:0:1:56606)<->r(/0:0:0:0:0:0:0:1:3000),s=1,open=true,ishut=true,oshut=false,rb=false,wb=false,w=true,i=1r}-{AsyncHttpConnection@3b79b557,g=HttpGenerator{s=0,h=-1,b=-1,c=-1},p=HttpParser{s=0,l=0,c=0},r=0}
DEBUG qtp1241938981-33 org.eclipse.jetty.server.AsyncHttpConnection - Disabled read interest while writing response SCEP@2d6eb943{l(/0:0:0:0:0:0:0:1:56605)<->r(/0:0:0:0:0:0:0:1:3000),s=1,open=true,ishut=true,oshut=false,rb=false,wb=false,w=true,i=1r}-{AsyncHttpConnection@3af64594,g=HttpGenerator{s=0,h=-1,b=-1,c=-1},p=HttpParser{s=0,l=0,c=0},r=0}
DEBUG qtp1241938981-29 org.eclipse.jetty.io.nio.ChannelEndPoint - close SCEP@138fb38a{l(/0:0:0:0:0:0:0:1:56606)<->r(/0:0:0:0:0:0:0:1:3000),s=1,open=true,ishut=true,oshut=false,rb=false,wb=false,w=true,i=1r}-{AsyncHttpConnection@3b79b557,g=HttpGenerator{s=0,h=-1,b=-1,c=-1},p=HttpParser{s=0,l=0,c=0},r=0}
DEBUG qtp1241938981-33 org.eclipse.jetty.io.nio.ChannelEndPoint - close SCEP@2d6eb943{l(/0:0:0:0:0:0:0:1:56605)<->r(/0:0:0:0:0:0:0:1:3000),s=1,open=true,ishut=true,oshut=false,rb=false,wb=false,w=true,i=1r}-{AsyncHttpConnection@3af64594,g=HttpGenerator{s=0,h=-1,b=-1,c=-1},p=HttpParser{s=0,l=0,c=0},r=0}
DEBUG qtp1241938981-17 Selector0 org.eclipse.jetty.io.nio - created SCEP@7770e9c7{l(/0:0:0:0:0:0:0:1:56610)<->r(/0:0:0:0:0:0:0:1:3000),s=0,open=true,ishut=false,oshut=false,rb=false,wb=false,w=true,i=0}-{AsyncHttpConnection@2f8ce2cb,g=HttpGenerator{s=0,h=-1,b=-1,c=-1},p=HttpParser{s=-14,l=0,c=0},r=0}
DEBUG qtp1241938981-18 Selector1 org.eclipse.jetty.io.nio - created SCEP@2fd5dd99{l(/0:0:0:0:0:0:0:1:56611)<->r(/0:0:0:0:0:0:0:1:3000),s=0,open=true,ishut=false,oshut=false,rb=false,wb=false,w=true,i=0}-{AsyncHttpConnection@41a8380a,g=HttpGenerator{s=0,h=-1,b=-1,c=-1},p=HttpParser{s=-14,l=0,c=0},r=0}
DEBUG qtp1241938981-31 org.eclipse.jetty.http.HttpParser - filled 0/0
DEBUG qtp1241938981-24 org.eclipse.jetty.http.HttpParser - filled 0/0
DEBUG qtp1241938981-17 Selector0 org.eclipse.jetty.io.nio - destroyEndPoint SCEP@2d6eb943{l(null)<->r(0.0.0.0/0.0.0.0:3000),s=0,open=false,ishut=true,oshut=true,rb=false,wb=false,w=true,i=1!}-{AsyncHttpConnection@3af64594,g=HttpGenerator{s=0,h=-1,b=-1,c=-1},p=HttpParser{s=0,l=0,c=0},r=0}
DEBUG qtp1241938981-18 Selector1 org.eclipse.jetty.io.nio - destroyEndPoint SCEP@138fb38a{l(null)<->r(0.0.0.0/0.0.0.0:3000),s=0,open=false,ishut=true,oshut=true,rb=false,wb=false,w=true,i=1!}-{AsyncHttpConnection@3b79b557,g=HttpGenerator{s=0,h=-1,b=-1,c=-1},p=HttpParser{s=0,l=0,c=0},r=0}
DEBUG qtp1241938981-17 Selector0 org.eclipse.jetty.server.AbstractHttpConnection - closed AsyncHttpConnection@3af64594,g=HttpGenerator{s=0,h=-1,b=-1,c=-1},p=HttpParser{s=0,l=0,c=0},r=0
DEBUG qtp1241938981-18 Selector1 org.eclipse.jetty.server.AbstractHttpConnection - closed AsyncHttpConnection@3b79b557,g=HttpGenerator{s=0,h=-1,b=-1,c=-1},p=HttpParser{s=0,l=0,c=0},r=0
DEBUG qtp1241938981-29 org.eclipse.jetty.http.HttpParser - filled 512/512
DEBUG qtp1241938981-29 - / org.eclipse.jetty.server.Server - REQUEST / on AsyncHttpConnection@748d51d,g=HttpGenerator{s=0,h=-1,b=-1,c=-1},p=HttpParser{s=-5,l=63,c=0},r=23
DEBUG qtp1241938981-29 - / org.eclipse.jetty.server.Server - RESPONSE /  200 handled=true
DEBUG qtp1241938981-29 org.eclipse.jetty.server.AsyncHttpConnection - Enabled read interest SCEP@38972679{l(/0:0:0:0:0:0:0:1:56294)<->r(/0:0:0:0:0:0:0:1:3000),s=1,open=true,ishut=false,oshut=false,rb=false,wb=false,w=true,i=1r}-{AsyncHttpConnection@748d51d,g=HttpGenerator{s=4,h=0,b=0,c=-1},p=HttpParser{s=0,l=63,c=0},r=23}
DEBUG qtp1241938981-29 org.eclipse.jetty.http.HttpParser - filled 0/0
DEBUG qtp1241938981-31 org.eclipse.jetty.http.HttpParser - filled 460/460
DEBUG qtp1241938981-31 - /api/products org.eclipse.jetty.server.Server - REQUEST /api/products on AsyncHttpConnection@748d51d,g=HttpGenerator{s=0,h=-1,b=-1,c=-1},p=HttpParser{s=-5,l=63,c=0},r=24
DEBUG qtp1241938981-31 - /api/products org.eclipse.jetty.server.Server - RESPONSE /api/products  500 handled=true
DEBUG qtp1241938981-31 org.eclipse.jetty.server.AsyncHttpConnection - Enabled read interest SCEP@38972679{l(/0:0:0:0:0:0:0:1:56294)<->r(/0:0:0:0:0:0:0:1:3000),s=1,open=true,ishut=false,oshut=false,rb=false,wb=false,w=true,i=1r}-{AsyncHttpConnection@748d51d,g=HttpGenerator{s=4,h=0,b=0,c=-1},p=HttpParser{s=0,l=63,c=0},r=24}
DEBUG qtp1241938981-31 org.eclipse.jetty.http.HttpParser - filled 0/0
DEBUG cluster-ClusterId{value='563ab660c95d7610d51724c3', description='null'}-localhost:27017 org.mongodb.driver.cluster - Checking status of localhost:27017
DEBUG cluster-ClusterId{value='563ab660c95d7610d51724c3', description='null'}-localhost:27017 org.mongodb.driver.cluster - Updating cluster description to  {type=STANDALONE, servers=[{address=localhost:27017, type=STANDALONE, roundTripTime=0.9 ms, state=CONNECTED}]
DEBUG cluster-ClusterId{value='563ab660c95d7610d51724c3', description='null'}-localhost:27017 org.mongodb.driver.cluster - Checking status of localhost:27017
DEBUG cluster-ClusterId{value='563ab660c95d7610d51724c3', description='null'}-localhost:27017 org.mongodb.driver.cluster - Updating cluster description to  {type=STANDALONE, servers=[{address=localhost:27017, type=STANDALONE, roundTripTime=0.9 ms, state=CONNECTED}]
DEBUG cluster-ClusterId{value='563ab660c95d7610d51724c3', description='null'}-localhost:27017 org.mongodb.driver.cluster - Checking status of localhost:27017
DEBUG cluster-ClusterId{value='563ab660c95d7610d51724c3', description='null'}-localhost:27017 org.mongodb.driver.cluster - Updating cluster description to  {type=STANDALONE, servers=[{address=localhost:27017, type=STANDALONE, roundTripTime=0.9 ms, state=CONNECTED}]
DEBUG cluster-ClusterId{value='563ab660c95d7610d51724c3', description='null'}-localhost:27017 org.mongodb.driver.cluster - Checking status of localhost:27017
DEBUG cluster-ClusterId{value='563ab660c95d7610d51724c3', description='null'}-localhost:27017 org.mongodb.driver.cluster - Updating cluster description to  {type=STANDALONE, servers=[{address=localhost:27017, type=STANDALONE, roundTripTime=0.9 ms, state=CONNECTED}]
DEBUG cluster-ClusterId{value='563ab660c95d7610d51724c3', description='null'}-localhost:27017 org.mongodb.driver.cluster - Checking status of localhost:27017
DEBUG cluster-ClusterId{value='563ab660c95d7610d51724c3', description='null'}-localhost:27017 org.mongodb.driver.cluster - Updating cluster description to  {type=STANDALONE, servers=[{address=localhost:27017, type=STANDALONE, roundTripTime=0.9 ms, state=CONNECTED}]
DEBUG qtp1241938981-29 org.eclipse.jetty.io.nio.ChannelEndPoint - ishut SCEP@7770e9c7{l(/0:0:0:0:0:0:0:1:56610)<->r(/0:0:0:0:0:0:0:1:3000),s=1,open=true,ishut=false,oshut=false,rb=false,wb=false,w=true,i=1r}-{AsyncHttpConnection@2f8ce2cb,g=HttpGenerator{s=0,h=-1,b=-1,c=-1},p=HttpParser{s=-14,l=0,c=0},r=0}
DEBUG qtp1241938981-33 org.eclipse.jetty.io.nio.ChannelEndPoint - ishut SCEP@2fd5dd99{l(/0:0:0:0:0:0:0:1:56611)<->r(/0:0:0:0:0:0:0:1:3000),s=1,open=true,ishut=false,oshut=false,rb=false,wb=false,w=true,i=1r}-{AsyncHttpConnection@41a8380a,g=HttpGenerator{s=0,h=-1,b=-1,c=-1},p=HttpParser{s=-14,l=0,c=0},r=0}
DEBUG qtp1241938981-33 org.eclipse.jetty.http.HttpParser - filled -1/0
DEBUG qtp1241938981-18 Selector1 org.eclipse.jetty.io.nio - created SCEP@4865295e{l(/0:0:0:0:0:0:0:1:56616)<->r(/0:0:0:0:0:0:0:1:3000),s=0,open=true,ishut=false,oshut=false,rb=false,wb=false,w=true,i=0}-{AsyncHttpConnection@495d1cde,g=HttpGenerator{s=0,h=-1,b=-1,c=-1},p=HttpParser{s=-14,l=0,c=0},r=0}
DEBUG qtp1241938981-17 Selector0 org.eclipse.jetty.io.nio - created SCEP@1de89ea0{l(/0:0:0:0:0:0:0:1:56615)<->r(/0:0:0:0:0:0:0:1:3000),s=0,open=true,ishut=false,oshut=false,rb=false,wb=false,w=true,i=0}-{AsyncHttpConnection@6d26720b,g=HttpGenerator{s=0,h=-1,b=-1,c=-1},p=HttpParser{s=-14,l=0,c=0},r=0}
DEBUG qtp1241938981-29 org.eclipse.jetty.http.HttpParser - filled -1/0
DEBUG qtp1241938981-29 org.eclipse.jetty.server.AsyncHttpConnection - Disabled read interest while writing response SCEP@7770e9c7{l(/0:0:0:0:0:0:0:1:56610)<->r(/0:0:0:0:0:0:0:1:3000),s=1,open=true,ishut=true,oshut=false,rb=false,wb=false,w=true,i=1r}-{AsyncHttpConnection@2f8ce2cb,g=HttpGenerator{s=0,h=-1,b=-1,c=-1},p=HttpParser{s=0,l=0,c=0},r=0}
DEBUG qtp1241938981-29 org.eclipse.jetty.io.nio.ChannelEndPoint - close SCEP@7770e9c7{l(/0:0:0:0:0:0:0:1:56610)<->r(/0:0:0:0:0:0:0:1:3000),s=1,open=true,ishut=true,oshut=false,rb=false,wb=false,w=true,i=1r}-{AsyncHttpConnection@2f8ce2cb,g=HttpGenerator{s=0,h=-1,b=-1,c=-1},p=HttpParser{s=0,l=0,c=0},r=0}
DEBUG qtp1241938981-33 org.eclipse.jetty.server.AsyncHttpConnection - Disabled read interest while writing response SCEP@2fd5dd99{l(/0:0:0:0:0:0:0:1:56611)<->r(/0:0:0:0:0:0:0:1:3000),s=1,open=true,ishut=true,oshut=false,rb=false,wb=false,w=true,i=1r}-{AsyncHttpConnection@41a8380a,g=HttpGenerator{s=0,h=-1,b=-1,c=-1},p=HttpParser{s=0,l=0,c=0},r=0}
DEBUG qtp1241938981-24 org.eclipse.jetty.http.HttpParser - filled 512/512
DEBUG qtp1241938981-31 org.eclipse.jetty.http.HttpParser - filled 0/0
DEBUG qtp1241938981-29 org.eclipse.jetty.http.HttpParser - filled 0/0
DEBUG qtp1241938981-33 org.eclipse.jetty.io.nio.ChannelEndPoint - close SCEP@2fd5dd99{l(/0:0:0:0:0:0:0:1:56611)<->r(/0:0:0:0:0:0:0:1:3000),s=1,open=true,ishut=true,oshut=false,rb=false,wb=false,w=true,i=1r}-{AsyncHttpConnection@41a8380a,g=HttpGenerator{s=0,h=-1,b=-1,c=-1},p=HttpParser{s=0,l=0,c=0},r=0}
DEBUG qtp1241938981-17 Selector0 org.eclipse.jetty.io.nio - destroyEndPoint SCEP@7770e9c7{l(null)<->r(0.0.0.0/0.0.0.0:3000),s=0,open=false,ishut=true,oshut=true,rb=false,wb=false,w=true,i=1!}-{AsyncHttpConnection@2f8ce2cb,g=HttpGenerator{s=0,h=-1,b=-1,c=-1},p=HttpParser{s=0,l=0,c=0},r=0}
DEBUG qtp1241938981-24 - / org.eclipse.jetty.server.Server - REQUEST / on AsyncHttpConnection@748d51d,g=HttpGenerator{s=0,h=-1,b=-1,c=-1},p=HttpParser{s=-5,l=63,c=0},r=25
DEBUG qtp1241938981-18 Selector1 org.eclipse.jetty.io.nio - destroyEndPoint SCEP@2fd5dd99{l(null)<->r(0.0.0.0/0.0.0.0:3000),s=0,open=false,ishut=true,oshut=true,rb=false,wb=false,w=true,i=1!}-{AsyncHttpConnection@41a8380a,g=HttpGenerator{s=0,h=-1,b=-1,c=-1},p=HttpParser{s=0,l=0,c=0},r=0}
DEBUG qtp1241938981-18 Selector1 org.eclipse.jetty.server.AbstractHttpConnection - closed AsyncHttpConnection@41a8380a,g=HttpGenerator{s=0,h=-1,b=-1,c=-1},p=HttpParser{s=0,l=0,c=0},r=0
DEBUG qtp1241938981-17 Selector0 org.eclipse.jetty.server.AbstractHttpConnection - closed AsyncHttpConnection@2f8ce2cb,g=HttpGenerator{s=0,h=-1,b=-1,c=-1},p=HttpParser{s=0,l=0,c=0},r=0
DEBUG qtp1241938981-24 - / org.eclipse.jetty.server.Server - RESPONSE /  200 handled=true
DEBUG qtp1241938981-24 org.eclipse.jetty.server.AsyncHttpConnection - Enabled read interest SCEP@38972679{l(/0:0:0:0:0:0:0:1:56294)<->r(/0:0:0:0:0:0:0:1:3000),s=1,open=true,ishut=false,oshut=false,rb=false,wb=false,w=true,i=1r}-{AsyncHttpConnection@748d51d,g=HttpGenerator{s=4,h=0,b=0,c=-1},p=HttpParser{s=0,l=63,c=0},r=25}
DEBUG qtp1241938981-24 org.eclipse.jetty.http.HttpParser - filled 0/0
DEBUG qtp1241938981-31 org.eclipse.jetty.http.HttpParser - filled 460/460
DEBUG qtp1241938981-31 - /api/products org.eclipse.jetty.server.Server - REQUEST /api/products on AsyncHttpConnection@748d51d,g=HttpGenerator{s=0,h=-1,b=-1,c=-1},p=HttpParser{s=-5,l=63,c=0},r=26
DEBUG qtp1241938981-31 - /api/products org.eclipse.jetty.server.Server - RESPONSE /api/products  500 handled=true
DEBUG qtp1241938981-31 org.eclipse.jetty.server.AsyncHttpConnection - Enabled read interest SCEP@38972679{l(/0:0:0:0:0:0:0:1:56294)<->r(/0:0:0:0:0:0:0:1:3000),s=1,open=true,ishut=false,oshut=false,rb=false,wb=false,w=true,i=1r}-{AsyncHttpConnection@748d51d,g=HttpGenerator{s=4,h=0,b=0,c=-1},p=HttpParser{s=0,l=63,c=0},r=26}
DEBUG qtp1241938981-31 org.eclipse.jetty.http.HttpParser - filled 0/0
DEBUG cluster-ClusterId{value='563ab660c95d7610d51724c3', description='null'}-localhost:27017 org.mongodb.driver.cluster - Checking status of localhost:27017
DEBUG cluster-ClusterId{value='563ab660c95d7610d51724c3', description='null'}-localhost:27017 org.mongodb.driver.cluster - Updating cluster description to  {type=STANDALONE, servers=[{address=localhost:27017, type=STANDALONE, roundTripTime=0.9 ms, state=CONNECTED}]
DEBUG cluster-ClusterId{value='563ab660c95d7610d51724c3', description='null'}-localhost:27017 org.mongodb.driver.cluster - Checking status of localhost:27017
DEBUG cluster-ClusterId{value='563ab660c95d7610d51724c3', description='null'}-localhost:27017 org.mongodb.driver.cluster - Updating cluster description to  {type=STANDALONE, servers=[{address=localhost:27017, type=STANDALONE, roundTripTime=0.9 ms, state=CONNECTED}]
DEBUG cluster-ClusterId{value='563ab660c95d7610d51724c3', description='null'}-localhost:27017 org.mongodb.driver.cluster - Checking status of localhost:27017
DEBUG cluster-ClusterId{value='563ab660c95d7610d51724c3', description='null'}-localhost:27017 org.mongodb.driver.cluster - Updating cluster description to  {type=STANDALONE, servers=[{address=localhost:27017, type=STANDALONE, roundTripTime=0.9 ms, state=CONNECTED}]
DEBUG qtp1241938981-33 org.eclipse.jetty.io.nio.ChannelEndPoint - ishut SCEP@4865295e{l(/0:0:0:0:0:0:0:1:56616)<->r(/0:0:0:0:0:0:0:1:3000),s=1,open=true,ishut=false,oshut=false,rb=false,wb=false,w=true,i=1r}-{AsyncHttpConnection@495d1cde,g=HttpGenerator{s=0,h=-1,b=-1,c=-1},p=HttpParser{s=-14,l=0,c=0},r=0}
DEBUG qtp1241938981-29 org.eclipse.jetty.io.nio.ChannelEndPoint - ishut SCEP@1de89ea0{l(/0:0:0:0:0:0:0:1:56615)<->r(/0:0:0:0:0:0:0:1:3000),s=1,open=true,ishut=false,oshut=false,rb=false,wb=false,w=true,i=1r}-{AsyncHttpConnection@6d26720b,g=HttpGenerator{s=0,h=-1,b=-1,c=-1},p=HttpParser{s=-14,l=0,c=0},r=0}
DEBUG qtp1241938981-33 org.eclipse.jetty.http.HttpParser - filled -1/0
DEBUG qtp1241938981-29 org.eclipse.jetty.http.HttpParser - filled -1/0
DEBUG qtp1241938981-33 org.eclipse.jetty.server.AsyncHttpConnection - Disabled read interest while writing response SCEP@4865295e{l(/0:0:0:0:0:0:0:1:56616)<->r(/0:0:0:0:0:0:0:1:3000),s=1,open=true,ishut=true,oshut=false,rb=false,wb=false,w=true,i=1r}-{AsyncHttpConnection@495d1cde,g=HttpGenerator{s=0,h=-1,b=-1,c=-1},p=HttpParser{s=0,l=0,c=0},r=0}
DEBUG qtp1241938981-29 org.eclipse.jetty.server.AsyncHttpConnection - Disabled read interest while writing response SCEP@1de89ea0{l(/0:0:0:0:0:0:0:1:56615)<->r(/0:0:0:0:0:0:0:1:3000),s=1,open=true,ishut=true,oshut=false,rb=false,wb=false,w=true,i=1r}-{AsyncHttpConnection@6d26720b,g=HttpGenerator{s=0,h=-1,b=-1,c=-1},p=HttpParser{s=0,l=0,c=0},r=0}
DEBUG qtp1241938981-33 org.eclipse.jetty.io.nio.ChannelEndPoint - close SCEP@4865295e{l(/0:0:0:0:0:0:0:1:56616)<->r(/0:0:0:0:0:0:0:1:3000),s=1,open=true,ishut=true,oshut=false,rb=false,wb=false,w=true,i=1r}-{AsyncHttpConnection@495d1cde,g=HttpGenerator{s=0,h=-1,b=-1,c=-1},p=HttpParser{s=0,l=0,c=0},r=0}
DEBUG qtp1241938981-29 org.eclipse.jetty.io.nio.ChannelEndPoint - close SCEP@1de89ea0{l(/0:0:0:0:0:0:0:1:56615)<->r(/0:0:0:0:0:0:0:1:3000),s=1,open=true,ishut=true,oshut=false,rb=false,wb=false,w=true,i=1r}-{AsyncHttpConnection@6d26720b,g=HttpGenerator{s=0,h=-1,b=-1,c=-1},p=HttpParser{s=0,l=0,c=0},r=0}
DEBUG qtp1241938981-18 Selector1 org.eclipse.jetty.io.nio - destroyEndPoint SCEP@4865295e{l(null)<->r(0.0.0.0/0.0.0.0:3000),s=0,open=false,ishut=true,oshut=true,rb=false,wb=false,w=true,i=1!}-{AsyncHttpConnection@495d1cde,g=HttpGenerator{s=0,h=-1,b=-1,c=-1},p=HttpParser{s=0,l=0,c=0},r=0}
DEBUG qtp1241938981-17 Selector0 org.eclipse.jetty.io.nio - destroyEndPoint SCEP@1de89ea0{l(null)<->r(0.0.0.0/0.0.0.0:3000),s=0,open=false,ishut=true,oshut=true,rb=false,wb=false,w=true,i=1!}-{AsyncHttpConnection@6d26720b,g=HttpGenerator{s=0,h=-1,b=-1,c=-1},p=HttpParser{s=0,l=0,c=0},r=0}
DEBUG qtp1241938981-17 Selector0 org.eclipse.jetty.server.AbstractHttpConnection - closed AsyncHttpConnection@6d26720b,g=HttpGenerator{s=0,h=-1,b=-1,c=-1},p=HttpParser{s=0,l=0,c=0},r=0
DEBUG qtp1241938981-18 Selector1 org.eclipse.jetty.server.AbstractHttpConnection - closed AsyncHttpConnection@495d1cde,g=HttpGenerator{s=0,h=-1,b=-1,c=-1},p=HttpParser{s=0,l=0,c=0},r=0
DEBUG cluster-ClusterId{value='563ab660c95d7610d51724c3', description='null'}-localhost:27017 org.mongodb.driver.cluster - Checking status of localhost:27017
DEBUG cluster-ClusterId{value='563ab660c95d7610d51724c3', description='null'}-localhost:27017 org.mongodb.driver.cluster - Updating cluster description to  {type=STANDALONE, servers=[{address=localhost:27017, type=STANDALONE, roundTripTime=0.9 ms, state=CONNECTED}]
DEBUG cluster-ClusterId{value='563ab660c95d7610d51724c3', description='null'}-localhost:27017 org.mongodb.driver.cluster - Checking status of localhost:27017
DEBUG cluster-ClusterId{value='563ab660c95d7610d51724c3', description='null'}-localhost:27017 org.mongodb.driver.cluster - Updating cluster description to  {type=STANDALONE, servers=[{address=localhost:27017, type=STANDALONE, roundTripTime=0.9 ms, state=CONNECTED}]
DEBUG cluster-ClusterId{value='563ab660c95d7610d51724c3', description='null'}-localhost:27017 org.mongodb.driver.cluster - Checking status of localhost:27017
DEBUG cluster-ClusterId{value='563ab660c95d7610d51724c3', description='null'}-localhost:27017 org.mongodb.driver.cluster - Updating cluster description to  {type=STANDALONE, servers=[{address=localhost:27017, type=STANDALONE, roundTripTime=0.9 ms, state=CONNECTED}]
DEBUG cluster-ClusterId{value='563ab660c95d7610d51724c3', description='null'}-localhost:27017 org.mongodb.driver.cluster - Checking status of localhost:27017
DEBUG cluster-ClusterId{value='563ab660c95d7610d51724c3', description='null'}-localhost:27017 org.mongodb.driver.cluster - Updating cluster description to  {type=STANDALONE, servers=[{address=localhost:27017, type=STANDALONE, roundTripTime=0.9 ms, state=CONNECTED}]
DEBUG cluster-ClusterId{value='563ab660c95d7610d51724c3', description='null'}-localhost:27017 org.mongodb.driver.cluster - Checking status of localhost:27017
DEBUG cluster-ClusterId{value='563ab660c95d7610d51724c3', description='null'}-localhost:27017 org.mongodb.driver.cluster - Updating cluster description to  {type=STANDALONE, servers=[{address=localhost:27017, type=STANDALONE, roundTripTime=0.9 ms, state=CONNECTED}]
DEBUG cluster-ClusterId{value='563ab660c95d7610d51724c3', description='null'}-localhost:27017 org.mongodb.driver.cluster - Checking status of localhost:27017
DEBUG cluster-ClusterId{value='563ab660c95d7610d51724c3', description='null'}-localhost:27017 org.mongodb.driver.cluster - Updating cluster description to  {type=STANDALONE, servers=[{address=localhost:27017, type=STANDALONE, roundTripTime=0.8 ms, state=CONNECTED}]
DEBUG cluster-ClusterId{value='563ab660c95d7610d51724c3', description='null'}-localhost:27017 org.mongodb.driver.cluster - Checking status of localhost:27017
DEBUG cluster-ClusterId{value='563ab660c95d7610d51724c3', description='null'}-localhost:27017 org.mongodb.driver.cluster - Updating cluster description to  {type=STANDALONE, servers=[{address=localhost:27017, type=STANDALONE, roundTripTime=0.8 ms, state=CONNECTED}]
DEBUG cluster-ClusterId{value='563ab660c95d7610d51724c3', description='null'}-localhost:27017 org.mongodb.driver.cluster - Checking status of localhost:27017
DEBUG cluster-ClusterId{value='563ab660c95d7610d51724c3', description='null'}-localhost:27017 org.mongodb.driver.cluster - Updating cluster description to  {type=STANDALONE, servers=[{address=localhost:27017, type=STANDALONE, roundTripTime=0.8 ms, state=CONNECTED}]
DEBUG cluster-ClusterId{value='563ab660c95d7610d51724c3', description='null'}-localhost:27017 org.mongodb.driver.cluster - Checking status of localhost:27017
DEBUG cluster-ClusterId{value='563ab660c95d7610d51724c3', description='null'}-localhost:27017 org.mongodb.driver.cluster - Updating cluster description to  {type=STANDALONE, servers=[{address=localhost:27017, type=STANDALONE, roundTripTime=0.7 ms, state=CONNECTED}]
DEBUG cluster-ClusterId{value='563ab660c95d7610d51724c3', description='null'}-localhost:27017 org.mongodb.driver.cluster - Checking status of localhost:27017
DEBUG cluster-ClusterId{value='563ab660c95d7610d51724c3', description='null'}-localhost:27017 org.mongodb.driver.cluster - Updating cluster description to  {type=STANDALONE, servers=[{address=localhost:27017, type=STANDALONE, roundTripTime=0.8 ms, state=CONNECTED}]
DEBUG cluster-ClusterId{value='563ab660c95d7610d51724c3', description='null'}-localhost:27017 org.mongodb.driver.cluster - Checking status of localhost:27017
DEBUG cluster-ClusterId{value='563ab660c95d7610d51724c3', description='null'}-localhost:27017 org.mongodb.driver.cluster - Updating cluster description to  {type=STANDALONE, servers=[{address=localhost:27017, type=STANDALONE, roundTripTime=0.7 ms, state=CONNECTED}]
DEBUG cluster-ClusterId{value='563ab660c95d7610d51724c3', description='null'}-localhost:27017 org.mongodb.driver.cluster - Checking status of localhost:27017
DEBUG cluster-ClusterId{value='563ab660c95d7610d51724c3', description='null'}-localhost:27017 org.mongodb.driver.cluster - Updating cluster description to  {type=STANDALONE, servers=[{address=localhost:27017, type=STANDALONE, roundTripTime=0.8 ms, state=CONNECTED}]
DEBUG cluster-ClusterId{value='563ab660c95d7610d51724c3', description='null'}-localhost:27017 org.mongodb.driver.cluster - Checking status of localhost:27017
DEBUG cluster-ClusterId{value='563ab660c95d7610d51724c3', description='null'}-localhost:27017 org.mongodb.driver.cluster - Updating cluster description to  {type=STANDALONE, servers=[{address=localhost:27017, type=STANDALONE, roundTripTime=0.8 ms, state=CONNECTED}]
DEBUG qtp1241938981-18 Selector1 org.eclipse.jetty.io.nio - created SCEP@11932412{l(/0:0:0:0:0:0:0:1:56645)<->r(/0:0:0:0:0:0:0:1:3000),s=0,open=true,ishut=false,oshut=false,rb=false,wb=false,w=true,i=0}-{AsyncHttpConnection@705dc0a7,g=HttpGenerator{s=0,h=-1,b=-1,c=-1},p=HttpParser{s=-14,l=0,c=0},r=0}
DEBUG qtp1241938981-17 Selector0 org.eclipse.jetty.io.nio - created SCEP@74b947ab{l(/0:0:0:0:0:0:0:1:56644)<->r(/0:0:0:0:0:0:0:1:3000),s=0,open=true,ishut=false,oshut=false,rb=false,wb=false,w=true,i=0}-{AsyncHttpConnection@2dfdca02,g=HttpGenerator{s=0,h=-1,b=-1,c=-1},p=HttpParser{s=-14,l=0,c=0},r=0}
DEBUG qtp1241938981-33 org.eclipse.jetty.http.HttpParser - filled 0/0
DEBUG qtp1241938981-29 org.eclipse.jetty.http.HttpParser - filled 512/512
DEBUG qtp1241938981-24 org.eclipse.jetty.http.HttpParser - filled 0/0
DEBUG qtp1241938981-29 - / org.eclipse.jetty.server.Server - REQUEST / on AsyncHttpConnection@748d51d,g=HttpGenerator{s=0,h=-1,b=-1,c=-1},p=HttpParser{s=-5,l=63,c=0},r=27
DEBUG qtp1241938981-29 - / org.eclipse.jetty.server.Server - RESPONSE /  200 handled=true
DEBUG qtp1241938981-29 org.eclipse.jetty.server.AsyncHttpConnection - Enabled read interest SCEP@38972679{l(/0:0:0:0:0:0:0:1:56294)<->r(/0:0:0:0:0:0:0:1:3000),s=1,open=true,ishut=false,oshut=false,rb=false,wb=false,w=true,i=1r}-{AsyncHttpConnection@748d51d,g=HttpGenerator{s=4,h=0,b=0,c=-1},p=HttpParser{s=0,l=63,c=0},r=27}
DEBUG qtp1241938981-29 org.eclipse.jetty.http.HttpParser - filled 0/0
DEBUG qtp1241938981-24 org.eclipse.jetty.http.HttpParser - filled 504/504
DEBUG qtp1241938981-24 - /js/controllers/MasterController.js org.eclipse.jetty.server.Server - REQUEST /js/controllers/MasterController.js on AsyncHttpConnection@748d51d,g=HttpGenerator{s=0,h=-1,b=-1,c=-1},p=HttpParser{s=-5,l=63,c=0},r=28
DEBUG qtp1241938981-24 - /js/controllers/MasterController.js org.eclipse.jetty.server.Server - RESPONSE /js/controllers/MasterController.js  304 handled=true
DEBUG qtp1241938981-24 org.eclipse.jetty.server.AsyncHttpConnection - Enabled read interest SCEP@38972679{l(/0:0:0:0:0:0:0:1:56294)<->r(/0:0:0:0:0:0:0:1:3000),s=1,open=true,ishut=false,oshut=false,rb=false,wb=false,w=true,i=1r}-{AsyncHttpConnection@748d51d,g=HttpGenerator{s=4,h=0,b=-1,c=-1},p=HttpParser{s=0,l=63,c=0},r=28}
DEBUG qtp1241938981-24 org.eclipse.jetty.http.HttpParser - filled 0/0
DEBUG qtp1241938981-29 org.eclipse.jetty.http.HttpParser - filled 460/460
DEBUG qtp1241938981-29 - /api/products org.eclipse.jetty.server.Server - REQUEST /api/products on AsyncHttpConnection@748d51d,g=HttpGenerator{s=0,h=-1,b=-1,c=-1},p=HttpParser{s=-5,l=63,c=0},r=29
DEBUG qtp1241938981-29 - /api/products org.eclipse.jetty.server.Server - RESPONSE /api/products  500 handled=true
DEBUG qtp1241938981-29 org.eclipse.jetty.server.AsyncHttpConnection - Enabled read interest SCEP@38972679{l(/0:0:0:0:0:0:0:1:56294)<->r(/0:0:0:0:0:0:0:1:3000),s=1,open=true,ishut=false,oshut=false,rb=false,wb=false,w=true,i=1r}-{AsyncHttpConnection@748d51d,g=HttpGenerator{s=4,h=0,b=0,c=-1},p=HttpParser{s=0,l=63,c=0},r=29}
DEBUG qtp1241938981-29 org.eclipse.jetty.http.HttpParser - filled 0/0
DEBUG cluster-ClusterId{value='563ab660c95d7610d51724c3', description='null'}-localhost:27017 org.mongodb.driver.cluster - Checking status of localhost:27017
DEBUG cluster-ClusterId{value='563ab660c95d7610d51724c3', description='null'}-localhost:27017 org.mongodb.driver.cluster - Updating cluster description to  {type=STANDALONE, servers=[{address=localhost:27017, type=STANDALONE, roundTripTime=0.8 ms, state=CONNECTED}]
DEBUG cluster-ClusterId{value='563ab660c95d7610d51724c3', description='null'}-localhost:27017 org.mongodb.driver.cluster - Checking status of localhost:27017
DEBUG cluster-ClusterId{value='563ab660c95d7610d51724c3', description='null'}-localhost:27017 org.mongodb.driver.cluster - Updating cluster description to  {type=STANDALONE, servers=[{address=localhost:27017, type=STANDALONE, roundTripTime=0.8 ms, state=CONNECTED}]
DEBUG cluster-ClusterId{value='563ab660c95d7610d51724c3', description='null'}-localhost:27017 org.mongodb.driver.cluster - Checking status of localhost:27017
DEBUG cluster-ClusterId{value='563ab660c95d7610d51724c3', description='null'}-localhost:27017 org.mongodb.driver.cluster - Updating cluster description to  {type=STANDALONE, servers=[{address=localhost:27017, type=STANDALONE, roundTripTime=0.8 ms, state=CONNECTED}]
DEBUG cluster-ClusterId{value='563ab660c95d7610d51724c3', description='null'}-localhost:27017 org.mongodb.driver.cluster - Checking status of localhost:27017
DEBUG cluster-ClusterId{value='563ab660c95d7610d51724c3', description='null'}-localhost:27017 org.mongodb.driver.cluster - Updating cluster description to  {type=STANDALONE, servers=[{address=localhost:27017, type=STANDALONE, roundTripTime=0.8 ms, state=CONNECTED}]
DEBUG cluster-ClusterId{value='563ab660c95d7610d51724c3', description='null'}-localhost:27017 org.mongodb.driver.cluster - Checking status of localhost:27017
DEBUG cluster-ClusterId{value='563ab660c95d7610d51724c3', description='null'}-localhost:27017 org.mongodb.driver.cluster - Updating cluster description to  {type=STANDALONE, servers=[{address=localhost:27017, type=STANDALONE, roundTripTime=0.8 ms, state=CONNECTED}]
DEBUG qtp1241938981-29 org.eclipse.jetty.io.nio.ChannelEndPoint - ishut SCEP@11932412{l(/0:0:0:0:0:0:0:1:56645)<->r(/0:0:0:0:0:0:0:1:3000),s=1,open=true,ishut=false,oshut=false,rb=false,wb=false,w=true,i=1r}-{AsyncHttpConnection@705dc0a7,g=HttpGenerator{s=0,h=-1,b=-1,c=-1},p=HttpParser{s=-14,l=0,c=0},r=0}
DEBUG qtp1241938981-17 Selector0 org.eclipse.jetty.io.nio - created SCEP@7418788f{l(/0:0:0:0:0:0:0:1:56658)<->r(/0:0:0:0:0:0:0:1:3000),s=0,open=true,ishut=false,oshut=false,rb=false,wb=false,w=true,i=0}-{AsyncHttpConnection@4a22fdb8,g=HttpGenerator{s=0,h=-1,b=-1,c=-1},p=HttpParser{s=-14,l=0,c=0},r=0}
DEBUG qtp1241938981-29 org.eclipse.jetty.http.HttpParser - filled -1/0
DEBUG qtp1241938981-17 Selector0 org.eclipse.jetty.io.nio - created SCEP@501c2822{l(/0:0:0:0:0:0:0:1:56660)<->r(/0:0:0:0:0:0:0:1:3000),s=0,open=true,ishut=false,oshut=false,rb=false,wb=false,w=true,i=0}-{AsyncHttpConnection@67f7eeae,g=HttpGenerator{s=0,h=-1,b=-1,c=-1},p=HttpParser{s=-14,l=0,c=0},r=0}
DEBUG qtp1241938981-18 Selector1 org.eclipse.jetty.io.nio - created SCEP@30bfb78c{l(/0:0:0:0:0:0:0:1:56659)<->r(/0:0:0:0:0:0:0:1:3000),s=0,open=true,ishut=false,oshut=false,rb=false,wb=false,w=true,i=0}-{AsyncHttpConnection@3804a63d,g=HttpGenerator{s=0,h=-1,b=-1,c=-1},p=HttpParser{s=-14,l=0,c=0},r=0}
DEBUG qtp1241938981-31 org.eclipse.jetty.io.nio.ChannelEndPoint - ishut SCEP@74b947ab{l(/0:0:0:0:0:0:0:1:56644)<->r(/0:0:0:0:0:0:0:1:3000),s=1,open=true,ishut=false,oshut=false,rb=false,wb=false,w=true,i=1r}-{AsyncHttpConnection@2dfdca02,g=HttpGenerator{s=0,h=-1,b=-1,c=-1},p=HttpParser{s=-14,l=0,c=0},r=0}
DEBUG qtp1241938981-31 org.eclipse.jetty.http.HttpParser - filled -1/0
DEBUG qtp1241938981-31 org.eclipse.jetty.server.AsyncHttpConnection - Disabled read interest while writing response SCEP@74b947ab{l(/0:0:0:0:0:0:0:1:56644)<->r(/0:0:0:0:0:0:0:1:3000),s=1,open=true,ishut=true,oshut=false,rb=false,wb=false,w=true,i=1r}-{AsyncHttpConnection@2dfdca02,g=HttpGenerator{s=0,h=-1,b=-1,c=-1},p=HttpParser{s=0,l=0,c=0},r=0}
DEBUG qtp1241938981-31 org.eclipse.jetty.io.nio.ChannelEndPoint - close SCEP@74b947ab{l(/0:0:0:0:0:0:0:1:56644)<->r(/0:0:0:0:0:0:0:1:3000),s=1,open=true,ishut=true,oshut=false,rb=false,wb=false,w=true,i=1r}-{AsyncHttpConnection@2dfdca02,g=HttpGenerator{s=0,h=-1,b=-1,c=-1},p=HttpParser{s=0,l=0,c=0},r=0}
DEBUG qtp1241938981-29 org.eclipse.jetty.server.AsyncHttpConnection - Disabled read interest while writing response SCEP@11932412{l(/0:0:0:0:0:0:0:1:56645)<->r(/0:0:0:0:0:0:0:1:3000),s=1,open=true,ishut=true,oshut=false,rb=false,wb=false,w=true,i=1r}-{AsyncHttpConnection@705dc0a7,g=HttpGenerator{s=0,h=-1,b=-1,c=-1},p=HttpParser{s=0,l=0,c=0},r=0}
DEBUG qtp1241938981-24 org.eclipse.jetty.http.HttpParser - filled 0/0
DEBUG qtp1241938981-29 org.eclipse.jetty.io.nio.ChannelEndPoint - close SCEP@11932412{l(/0:0:0:0:0:0:0:1:56645)<->r(/0:0:0:0:0:0:0:1:3000),s=1,open=true,ishut=true,oshut=false,rb=false,wb=false,w=true,i=1r}-{AsyncHttpConnection@705dc0a7,g=HttpGenerator{s=0,h=-1,b=-1,c=-1},p=HttpParser{s=0,l=0,c=0},r=0}
DEBUG qtp1241938981-31 org.eclipse.jetty.http.HttpParser - filled 0/0
DEBUG qtp1241938981-33 org.eclipse.jetty.http.HttpParser - filled 0/0
DEBUG qtp1241938981-18 Selector1 org.eclipse.jetty.io.nio - destroyEndPoint SCEP@11932412{l(null)<->r(0.0.0.0/0.0.0.0:3000),s=0,open=false,ishut=true,oshut=true,rb=false,wb=false,w=true,i=1!}-{AsyncHttpConnection@705dc0a7,g=HttpGenerator{s=0,h=-1,b=-1,c=-1},p=HttpParser{s=0,l=0,c=0},r=0}
DEBUG qtp1241938981-36 org.eclipse.jetty.http.HttpParser - filled 512/512
DEBUG qtp1241938981-17 Selector0 org.eclipse.jetty.io.nio - destroyEndPoint SCEP@74b947ab{l(null)<->r(0.0.0.0/0.0.0.0:3000),s=0,open=false,ishut=true,oshut=true,rb=false,wb=false,w=true,i=1!}-{AsyncHttpConnection@2dfdca02,g=HttpGenerator{s=0,h=-1,b=-1,c=-1},p=HttpParser{s=0,l=0,c=0},r=0}
DEBUG qtp1241938981-18 Selector1 org.eclipse.jetty.server.AbstractHttpConnection - closed AsyncHttpConnection@705dc0a7,g=HttpGenerator{s=0,h=-1,b=-1,c=-1},p=HttpParser{s=0,l=0,c=0},r=0
DEBUG qtp1241938981-36 - / org.eclipse.jetty.server.Server - REQUEST / on AsyncHttpConnection@748d51d,g=HttpGenerator{s=0,h=-1,b=-1,c=-1},p=HttpParser{s=-5,l=63,c=0},r=30
DEBUG qtp1241938981-17 Selector0 org.eclipse.jetty.server.AbstractHttpConnection - closed AsyncHttpConnection@2dfdca02,g=HttpGenerator{s=0,h=-1,b=-1,c=-1},p=HttpParser{s=0,l=0,c=0},r=0
DEBUG qtp1241938981-36 - / org.eclipse.jetty.server.Server - RESPONSE /  200 handled=true
DEBUG qtp1241938981-36 org.eclipse.jetty.server.AsyncHttpConnection - Enabled read interest SCEP@38972679{l(/0:0:0:0:0:0:0:1:56294)<->r(/0:0:0:0:0:0:0:1:3000),s=1,open=true,ishut=false,oshut=false,rb=false,wb=false,w=true,i=1r}-{AsyncHttpConnection@748d51d,g=HttpGenerator{s=4,h=0,b=0,c=-1},p=HttpParser{s=0,l=63,c=0},r=30}
DEBUG qtp1241938981-36 org.eclipse.jetty.http.HttpParser - filled 0/0
DEBUG qtp1241938981-29 org.eclipse.jetty.http.HttpParser - filled 505/505
DEBUG qtp1241938981-29 - /js/controllers/ProductController.js org.eclipse.jetty.server.Server - REQUEST /js/controllers/ProductController.js on AsyncHttpConnection@748d51d,g=HttpGenerator{s=0,h=-1,b=-1,c=-1},p=HttpParser{s=-5,l=63,c=0},r=31
DEBUG qtp1241938981-29 - /js/controllers/ProductController.js org.eclipse.jetty.server.Server - RESPONSE /js/controllers/ProductController.js  304 handled=true
DEBUG qtp1241938981-29 org.eclipse.jetty.server.AsyncHttpConnection - Enabled read interest SCEP@38972679{l(/0:0:0:0:0:0:0:1:56294)<->r(/0:0:0:0:0:0:0:1:3000),s=1,open=true,ishut=false,oshut=false,rb=false,wb=false,w=true,i=1r}-{AsyncHttpConnection@748d51d,g=HttpGenerator{s=4,h=0,b=-1,c=-1},p=HttpParser{s=0,l=63,c=0},r=31}
DEBUG qtp1241938981-29 org.eclipse.jetty.http.HttpParser - filled 0/0
DEBUG qtp1241938981-31 org.eclipse.jetty.http.HttpParser - filled 460/460
DEBUG qtp1241938981-31 - /api/products org.eclipse.jetty.server.Server - REQUEST /api/products on AsyncHttpConnection@748d51d,g=HttpGenerator{s=0,h=-1,b=-1,c=-1},p=HttpParser{s=-5,l=63,c=0},r=32
DEBUG qtp1241938981-31 - /api/products org.eclipse.jetty.server.Server - RESPONSE /api/products  406 handled=true
DEBUG qtp1241938981-31 org.eclipse.jetty.server.AsyncHttpConnection - Enabled read interest SCEP@38972679{l(/0:0:0:0:0:0:0:1:56294)<->r(/0:0:0:0:0:0:0:1:3000),s=1,open=true,ishut=false,oshut=false,rb=false,wb=false,w=true,i=1r}-{AsyncHttpConnection@748d51d,g=HttpGenerator{s=4,h=0,b=0,c=-1},p=HttpParser{s=0,l=63,c=0},r=32}
DEBUG qtp1241938981-31 org.eclipse.jetty.http.HttpParser - filled 0/0
DEBUG cluster-ClusterId{value='563ab660c95d7610d51724c3', description='null'}-localhost:27017 org.mongodb.driver.cluster - Checking status of localhost:27017
DEBUG cluster-ClusterId{value='563ab660c95d7610d51724c3', description='null'}-localhost:27017 org.mongodb.driver.cluster - Updating cluster description to  {type=STANDALONE, servers=[{address=localhost:27017, type=STANDALONE, roundTripTime=0.8 ms, state=CONNECTED}]
DEBUG cluster-ClusterId{value='563ab660c95d7610d51724c3', description='null'}-localhost:27017 org.mongodb.driver.cluster - Checking status of localhost:27017
DEBUG cluster-ClusterId{value='563ab660c95d7610d51724c3', description='null'}-localhost:27017 org.mongodb.driver.cluster - Updating cluster description to  {type=STANDALONE, servers=[{address=localhost:27017, type=STANDALONE, roundTripTime=0.9 ms, state=CONNECTED}]
DEBUG cluster-ClusterId{value='563ab660c95d7610d51724c3', description='null'}-localhost:27017 org.mongodb.driver.cluster - Checking status of localhost:27017
DEBUG cluster-ClusterId{value='563ab660c95d7610d51724c3', description='null'}-localhost:27017 org.mongodb.driver.cluster - Updating cluster description to  {type=STANDALONE, servers=[{address=localhost:27017, type=STANDALONE, roundTripTime=1.0 ms, state=CONNECTED}]
DEBUG cluster-ClusterId{value='563ab660c95d7610d51724c3', description='null'}-localhost:27017 org.mongodb.driver.cluster - Checking status of localhost:27017
DEBUG cluster-ClusterId{value='563ab660c95d7610d51724c3', description='null'}-localhost:27017 org.mongodb.driver.cluster - Updating cluster description to  {type=STANDALONE, servers=[{address=localhost:27017, type=STANDALONE, roundTripTime=0.9 ms, state=CONNECTED}]
DEBUG cluster-ClusterId{value='563ab660c95d7610d51724c3', description='null'}-localhost:27017 org.mongodb.driver.cluster - Checking status of localhost:27017
DEBUG cluster-ClusterId{value='563ab660c95d7610d51724c3', description='null'}-localhost:27017 org.mongodb.driver.cluster - Updating cluster description to  {type=STANDALONE, servers=[{address=localhost:27017, type=STANDALONE, roundTripTime=0.9 ms, state=CONNECTED}]
DEBUG qtp1241938981-31 org.eclipse.jetty.io.nio.ChannelEndPoint - ishut SCEP@30bfb78c{l(/0:0:0:0:0:0:0:1:56659)<->r(/0:0:0:0:0:0:0:1:3000),s=1,open=true,ishut=false,oshut=false,rb=false,wb=false,w=true,i=1r}-{AsyncHttpConnection@3804a63d,g=HttpGenerator{s=0,h=-1,b=-1,c=-1},p=HttpParser{s=-14,l=0,c=0},r=0}
DEBUG qtp1241938981-31 org.eclipse.jetty.http.HttpParser - filled -1/0
DEBUG qtp1241938981-29 org.eclipse.jetty.io.nio.ChannelEndPoint - ishut SCEP@7418788f{l(/0:0:0:0:0:0:0:1:56658)<->r(/0:0:0:0:0:0:0:1:3000),s=1,open=true,ishut=false,oshut=false,rb=false,wb=false,w=true,i=1r}-{AsyncHttpConnection@4a22fdb8,g=HttpGenerator{s=0,h=-1,b=-1,c=-1},p=HttpParser{s=-14,l=0,c=0},r=0}
DEBUG qtp1241938981-33 org.eclipse.jetty.io.nio.ChannelEndPoint - ishut SCEP@501c2822{l(/0:0:0:0:0:0:0:1:56660)<->r(/0:0:0:0:0:0:0:1:3000),s=1,open=true,ishut=false,oshut=false,rb=false,wb=false,w=true,i=1r}-{AsyncHttpConnection@67f7eeae,g=HttpGenerator{s=0,h=-1,b=-1,c=-1},p=HttpParser{s=-14,l=0,c=0},r=0}
DEBUG qtp1241938981-33 org.eclipse.jetty.http.HttpParser - filled -1/0
DEBUG qtp1241938981-33 org.eclipse.jetty.server.AsyncHttpConnection - Disabled read interest while writing response SCEP@501c2822{l(/0:0:0:0:0:0:0:1:56660)<->r(/0:0:0:0:0:0:0:1:3000),s=1,open=true,ishut=true,oshut=false,rb=false,wb=false,w=true,i=1r}-{AsyncHttpConnection@67f7eeae,g=HttpGenerator{s=0,h=-1,b=-1,c=-1},p=HttpParser{s=0,l=0,c=0},r=0}
DEBUG qtp1241938981-29 org.eclipse.jetty.http.HttpParser - filled -1/0
DEBUG qtp1241938981-33 org.eclipse.jetty.io.nio.ChannelEndPoint - close SCEP@501c2822{l(/0:0:0:0:0:0:0:1:56660)<->r(/0:0:0:0:0:0:0:1:3000),s=1,open=true,ishut=true,oshut=false,rb=false,wb=false,w=true,i=1r}-{AsyncHttpConnection@67f7eeae,g=HttpGenerator{s=0,h=-1,b=-1,c=-1},p=HttpParser{s=0,l=0,c=0},r=0}
DEBUG qtp1241938981-31 org.eclipse.jetty.server.AsyncHttpConnection - Disabled read interest while writing response SCEP@30bfb78c{l(/0:0:0:0:0:0:0:1:56659)<->r(/0:0:0:0:0:0:0:1:3000),s=1,open=true,ishut=true,oshut=false,rb=false,wb=false,w=true,i=1r}-{AsyncHttpConnection@3804a63d,g=HttpGenerator{s=0,h=-1,b=-1,c=-1},p=HttpParser{s=0,l=0,c=0},r=0}
DEBUG qtp1241938981-29 org.eclipse.jetty.server.AsyncHttpConnection - Disabled read interest while writing response SCEP@7418788f{l(/0:0:0:0:0:0:0:1:56658)<->r(/0:0:0:0:0:0:0:1:3000),s=1,open=true,ishut=true,oshut=false,rb=false,wb=false,w=true,i=1r}-{AsyncHttpConnection@4a22fdb8,g=HttpGenerator{s=0,h=-1,b=-1,c=-1},p=HttpParser{s=0,l=0,c=0},r=0}
DEBUG qtp1241938981-18 Selector1 org.eclipse.jetty.io.nio - created SCEP@4ba4774d{l(/0:0:0:0:0:0:0:1:56661)<->r(/0:0:0:0:0:0:0:1:3000),s=0,open=true,ishut=false,oshut=false,rb=false,wb=false,w=true,i=0}-{AsyncHttpConnection@6eaaa62,g=HttpGenerator{s=0,h=-1,b=-1,c=-1},p=HttpParser{s=-14,l=0,c=0},r=0}
DEBUG qtp1241938981-29 org.eclipse.jetty.io.nio.ChannelEndPoint - close SCEP@7418788f{l(/0:0:0:0:0:0:0:1:56658)<->r(/0:0:0:0:0:0:0:1:3000),s=1,open=true,ishut=true,oshut=false,rb=false,wb=false,w=true,i=1r}-{AsyncHttpConnection@4a22fdb8,g=HttpGenerator{s=0,h=-1,b=-1,c=-1},p=HttpParser{s=0,l=0,c=0},r=0}
DEBUG qtp1241938981-31 org.eclipse.jetty.io.nio.ChannelEndPoint - close SCEP@30bfb78c{l(/0:0:0:0:0:0:0:1:56659)<->r(/0:0:0:0:0:0:0:1:3000),s=1,open=true,ishut=true,oshut=false,rb=false,wb=false,w=true,i=1r}-{AsyncHttpConnection@3804a63d,g=HttpGenerator{s=0,h=-1,b=-1,c=-1},p=HttpParser{s=0,l=0,c=0},r=0}
DEBUG qtp1241938981-17 Selector0 org.eclipse.jetty.io.nio - created SCEP@57dde11e{l(/0:0:0:0:0:0:0:1:56662)<->r(/0:0:0:0:0:0:0:1:3000),s=0,open=true,ishut=false,oshut=false,rb=false,wb=false,w=true,i=0}-{AsyncHttpConnection@66b18eff,g=HttpGenerator{s=0,h=-1,b=-1,c=-1},p=HttpParser{s=-14,l=0,c=0},r=0}
DEBUG qtp1241938981-29 org.eclipse.jetty.http.HttpParser - filled 0/0
DEBUG qtp1241938981-36 org.eclipse.jetty.http.HttpParser - filled 512/512
DEBUG qtp1241938981-18 Selector1 org.eclipse.jetty.io.nio - created SCEP@2d3d8ac7{l(/0:0:0:0:0:0:0:1:56663)<->r(/0:0:0:0:0:0:0:1:3000),s=0,open=true,ishut=false,oshut=false,rb=false,wb=false,w=true,i=0}-{AsyncHttpConnection@454b9e32,g=HttpGenerator{s=0,h=-1,b=-1,c=-1},p=HttpParser{s=-14,l=0,c=0},r=0}
DEBUG qtp1241938981-36 - / org.eclipse.jetty.server.Server - REQUEST / on AsyncHttpConnection@748d51d,g=HttpGenerator{s=0,h=-1,b=-1,c=-1},p=HttpParser{s=-5,l=63,c=0},r=33
DEBUG qtp1241938981-33 org.eclipse.jetty.http.HttpParser - filled 0/0
DEBUG qtp1241938981-31 org.eclipse.jetty.http.HttpParser - filled 0/0
DEBUG qtp1241938981-17 Selector0 org.eclipse.jetty.io.nio - destroyEndPoint SCEP@501c2822{l(null)<->r(0.0.0.0/0.0.0.0:3000),s=0,open=false,ishut=true,oshut=true,rb=false,wb=false,w=true,i=1!}-{AsyncHttpConnection@67f7eeae,g=HttpGenerator{s=0,h=-1,b=-1,c=-1},p=HttpParser{s=0,l=0,c=0},r=0}
DEBUG qtp1241938981-18 Selector1 org.eclipse.jetty.io.nio - destroyEndPoint SCEP@30bfb78c{l(null)<->r(0.0.0.0/0.0.0.0:3000),s=0,open=false,ishut=true,oshut=true,rb=false,wb=false,w=true,i=1!}-{AsyncHttpConnection@3804a63d,g=HttpGenerator{s=0,h=-1,b=-1,c=-1},p=HttpParser{s=0,l=0,c=0},r=0}
DEBUG qtp1241938981-17 Selector0 org.eclipse.jetty.server.AbstractHttpConnection - closed AsyncHttpConnection@67f7eeae,g=HttpGenerator{s=0,h=-1,b=-1,c=-1},p=HttpParser{s=0,l=0,c=0},r=0
DEBUG qtp1241938981-18 Selector1 org.eclipse.jetty.server.AbstractHttpConnection - closed AsyncHttpConnection@3804a63d,g=HttpGenerator{s=0,h=-1,b=-1,c=-1},p=HttpParser{s=0,l=0,c=0},r=0
DEBUG qtp1241938981-17 Selector0 org.eclipse.jetty.io.nio - destroyEndPoint SCEP@7418788f{l(null)<->r(0.0.0.0/0.0.0.0:3000),s=0,open=false,ishut=true,oshut=true,rb=false,wb=false,w=true,i=1!}-{AsyncHttpConnection@4a22fdb8,g=HttpGenerator{s=0,h=-1,b=-1,c=-1},p=HttpParser{s=0,l=0,c=0},r=0}
DEBUG qtp1241938981-17 Selector0 org.eclipse.jetty.server.AbstractHttpConnection - closed AsyncHttpConnection@4a22fdb8,g=HttpGenerator{s=0,h=-1,b=-1,c=-1},p=HttpParser{s=0,l=0,c=0},r=0
DEBUG qtp1241938981-36 - / org.eclipse.jetty.server.Server - RESPONSE /  200 handled=true
DEBUG qtp1241938981-36 org.eclipse.jetty.server.AsyncHttpConnection - Enabled read interest SCEP@38972679{l(/0:0:0:0:0:0:0:1:56294)<->r(/0:0:0:0:0:0:0:1:3000),s=1,open=true,ishut=false,oshut=false,rb=false,wb=false,w=true,i=1r}-{AsyncHttpConnection@748d51d,g=HttpGenerator{s=4,h=0,b=0,c=-1},p=HttpParser{s=0,l=63,c=0},r=33}
DEBUG qtp1241938981-36 org.eclipse.jetty.http.HttpParser - filled 0/0
DEBUG qtp1241938981-29 org.eclipse.jetty.http.HttpParser - filled 460/460
DEBUG qtp1241938981-29 - /api/products org.eclipse.jetty.server.Server - REQUEST /api/products on AsyncHttpConnection@748d51d,g=HttpGenerator{s=0,h=-1,b=-1,c=-1},p=HttpParser{s=-5,l=63,c=0},r=34
DEBUG qtp1241938981-29 - /api/products org.eclipse.jetty.server.Server - RESPONSE /api/products  406 handled=true
DEBUG qtp1241938981-29 org.eclipse.jetty.server.AsyncHttpConnection - Enabled read interest SCEP@38972679{l(/0:0:0:0:0:0:0:1:56294)<->r(/0:0:0:0:0:0:0:1:3000),s=1,open=true,ishut=false,oshut=false,rb=false,wb=false,w=true,i=1r}-{AsyncHttpConnection@748d51d,g=HttpGenerator{s=4,h=0,b=0,c=-1},p=HttpParser{s=0,l=63,c=0},r=34}
DEBUG qtp1241938981-29 org.eclipse.jetty.http.HttpParser - filled 0/0
DEBUG cluster-ClusterId{value='563ab660c95d7610d51724c3', description='null'}-localhost:27017 org.mongodb.driver.cluster - Checking status of localhost:27017
DEBUG cluster-ClusterId{value='563ab660c95d7610d51724c3', description='null'}-localhost:27017 org.mongodb.driver.cluster - Updating cluster description to  {type=STANDALONE, servers=[{address=localhost:27017, type=STANDALONE, roundTripTime=0.8 ms, state=CONNECTED}]
DEBUG cluster-ClusterId{value='563ab660c95d7610d51724c3', description='null'}-localhost:27017 org.mongodb.driver.cluster - Checking status of localhost:27017
DEBUG cluster-ClusterId{value='563ab660c95d7610d51724c3', description='null'}-localhost:27017 org.mongodb.driver.cluster - Updating cluster description to  {type=STANDALONE, servers=[{address=localhost:27017, type=STANDALONE, roundTripTime=0.8 ms, state=CONNECTED}]
DEBUG cluster-ClusterId{value='563ab660c95d7610d51724c3', description='null'}-localhost:27017 org.mongodb.driver.cluster - Checking status of localhost:27017
DEBUG cluster-ClusterId{value='563ab660c95d7610d51724c3', description='null'}-localhost:27017 org.mongodb.driver.cluster - Updating cluster description to  {type=STANDALONE, servers=[{address=localhost:27017, type=STANDALONE, roundTripTime=0.8 ms, state=CONNECTED}]
DEBUG cluster-ClusterId{value='563ab660c95d7610d51724c3', description='null'}-localhost:27017 org.mongodb.driver.cluster - Checking status of localhost:27017
DEBUG cluster-ClusterId{value='563ab660c95d7610d51724c3', description='null'}-localhost:27017 org.mongodb.driver.cluster - Updating cluster description to  {type=STANDALONE, servers=[{address=localhost:27017, type=STANDALONE, roundTripTime=0.8 ms, state=CONNECTED}]
DEBUG cluster-ClusterId{value='563ab660c95d7610d51724c3', description='null'}-localhost:27017 org.mongodb.driver.cluster - Checking status of localhost:27017
DEBUG cluster-ClusterId{value='563ab660c95d7610d51724c3', description='null'}-localhost:27017 org.mongodb.driver.cluster - Updating cluster description to  {type=STANDALONE, servers=[{address=localhost:27017, type=STANDALONE, roundTripTime=0.8 ms, state=CONNECTED}]
DEBUG cluster-ClusterId{value='563ab660c95d7610d51724c3', description='null'}-localhost:27017 org.mongodb.driver.cluster - Checking status of localhost:27017
DEBUG cluster-ClusterId{value='563ab660c95d7610d51724c3', description='null'}-localhost:27017 org.mongodb.driver.cluster - Updating cluster description to  {type=STANDALONE, servers=[{address=localhost:27017, type=STANDALONE, roundTripTime=0.9 ms, state=CONNECTED}]
DEBUG qtp1241938981-29 org.eclipse.jetty.io.nio.ChannelEndPoint - ishut SCEP@57dde11e{l(/0:0:0:0:0:0:0:1:56662)<->r(/0:0:0:0:0:0:0:1:3000),s=1,open=true,ishut=false,oshut=false,rb=false,wb=false,w=true,i=1r}-{AsyncHttpConnection@66b18eff,g=HttpGenerator{s=0,h=-1,b=-1,c=-1},p=HttpParser{s=-14,l=0,c=0},r=0}
DEBUG qtp1241938981-36 org.eclipse.jetty.io.nio.ChannelEndPoint - ishut SCEP@4ba4774d{l(/0:0:0:0:0:0:0:1:56661)<->r(/0:0:0:0:0:0:0:1:3000),s=1,open=true,ishut=false,oshut=false,rb=false,wb=false,w=true,i=1r}-{AsyncHttpConnection@6eaaa62,g=HttpGenerator{s=0,h=-1,b=-1,c=-1},p=HttpParser{s=-14,l=0,c=0},r=0}
DEBUG qtp1241938981-33 org.eclipse.jetty.io.nio.ChannelEndPoint - ishut SCEP@2d3d8ac7{l(/0:0:0:0:0:0:0:1:56663)<->r(/0:0:0:0:0:0:0:1:3000),s=1,open=true,ishut=false,oshut=false,rb=false,wb=false,w=true,i=1r}-{AsyncHttpConnection@454b9e32,g=HttpGenerator{s=0,h=-1,b=-1,c=-1},p=HttpParser{s=-14,l=0,c=0},r=0}
DEBUG qtp1241938981-36 org.eclipse.jetty.http.HttpParser - filled -1/0
DEBUG qtp1241938981-29 org.eclipse.jetty.http.HttpParser - filled -1/0
DEBUG qtp1241938981-36 org.eclipse.jetty.server.AsyncHttpConnection - Disabled read interest while writing response SCEP@4ba4774d{l(/0:0:0:0:0:0:0:1:56661)<->r(/0:0:0:0:0:0:0:1:3000),s=1,open=true,ishut=true,oshut=false,rb=false,wb=false,w=true,i=1r}-{AsyncHttpConnection@6eaaa62,g=HttpGenerator{s=0,h=-1,b=-1,c=-1},p=HttpParser{s=0,l=0,c=0},r=0}
DEBUG qtp1241938981-33 org.eclipse.jetty.http.HttpParser - filled -1/0
DEBUG qtp1241938981-36 org.eclipse.jetty.io.nio.ChannelEndPoint - close SCEP@4ba4774d{l(/0:0:0:0:0:0:0:1:56661)<->r(/0:0:0:0:0:0:0:1:3000),s=1,open=true,ishut=true,oshut=false,rb=false,wb=false,w=true,i=1r}-{AsyncHttpConnection@6eaaa62,g=HttpGenerator{s=0,h=-1,b=-1,c=-1},p=HttpParser{s=0,l=0,c=0},r=0}
DEBUG qtp1241938981-29 org.eclipse.jetty.server.AsyncHttpConnection - Disabled read interest while writing response SCEP@57dde11e{l(/0:0:0:0:0:0:0:1:56662)<->r(/0:0:0:0:0:0:0:1:3000),s=1,open=true,ishut=true,oshut=false,rb=false,wb=false,w=true,i=1r}-{AsyncHttpConnection@66b18eff,g=HttpGenerator{s=0,h=-1,b=-1,c=-1},p=HttpParser{s=0,l=0,c=0},r=0}
DEBUG qtp1241938981-33 org.eclipse.jetty.server.AsyncHttpConnection - Disabled read interest while writing response SCEP@2d3d8ac7{l(/0:0:0:0:0:0:0:1:56663)<->r(/0:0:0:0:0:0:0:1:3000),s=1,open=true,ishut=true,oshut=false,rb=false,wb=false,w=true,i=1r}-{AsyncHttpConnection@454b9e32,g=HttpGenerator{s=0,h=-1,b=-1,c=-1},p=HttpParser{s=0,l=0,c=0},r=0}
DEBUG qtp1241938981-18 Selector1 org.eclipse.jetty.io.nio - destroyEndPoint SCEP@4ba4774d{l(null)<->r(0.0.0.0/0.0.0.0:3000),s=0,open=false,ishut=true,oshut=true,rb=false,wb=false,w=true,i=1!}-{AsyncHttpConnection@6eaaa62,g=HttpGenerator{s=0,h=-1,b=-1,c=-1},p=HttpParser{s=0,l=0,c=0},r=0}
DEBUG qtp1241938981-29 org.eclipse.jetty.io.nio.ChannelEndPoint - close SCEP@57dde11e{l(/0:0:0:0:0:0:0:1:56662)<->r(/0:0:0:0:0:0:0:1:3000),s=1,open=true,ishut=true,oshut=false,rb=false,wb=false,w=true,i=1r}-{AsyncHttpConnection@66b18eff,g=HttpGenerator{s=0,h=-1,b=-1,c=-1},p=HttpParser{s=0,l=0,c=0},r=0}
DEBUG qtp1241938981-18 Selector1 org.eclipse.jetty.server.AbstractHttpConnection - closed AsyncHttpConnection@6eaaa62,g=HttpGenerator{s=0,h=-1,b=-1,c=-1},p=HttpParser{s=0,l=0,c=0},r=0
DEBUG qtp1241938981-33 org.eclipse.jetty.io.nio.ChannelEndPoint - close SCEP@2d3d8ac7{l(/0:0:0:0:0:0:0:1:56663)<->r(/0:0:0:0:0:0:0:1:3000),s=1,open=true,ishut=true,oshut=false,rb=false,wb=false,w=true,i=1r}-{AsyncHttpConnection@454b9e32,g=HttpGenerator{s=0,h=-1,b=-1,c=-1},p=HttpParser{s=0,l=0,c=0},r=0}
DEBUG qtp1241938981-17 Selector0 org.eclipse.jetty.io.nio - destroyEndPoint SCEP@57dde11e{l(null)<->r(0.0.0.0/0.0.0.0:3000),s=0,open=false,ishut=true,oshut=true,rb=false,wb=false,w=true,i=1!}-{AsyncHttpConnection@66b18eff,g=HttpGenerator{s=0,h=-1,b=-1,c=-1},p=HttpParser{s=0,l=0,c=0},r=0}
DEBUG qtp1241938981-18 Selector1 org.eclipse.jetty.io.nio - destroyEndPoint SCEP@2d3d8ac7{l(null)<->r(0.0.0.0/0.0.0.0:3000),s=0,open=false,ishut=true,oshut=true,rb=false,wb=false,w=true,i=1!}-{AsyncHttpConnection@454b9e32,g=HttpGenerator{s=0,h=-1,b=-1,c=-1},p=HttpParser{s=0,l=0,c=0},r=0}
DEBUG qtp1241938981-17 Selector0 org.eclipse.jetty.server.AbstractHttpConnection - closed AsyncHttpConnection@66b18eff,g=HttpGenerator{s=0,h=-1,b=-1,c=-1},p=HttpParser{s=0,l=0,c=0},r=0
DEBUG qtp1241938981-18 Selector1 org.eclipse.jetty.server.AbstractHttpConnection - closed AsyncHttpConnection@454b9e32,g=HttpGenerator{s=0,h=-1,b=-1,c=-1},p=HttpParser{s=0,l=0,c=0},r=0
DEBUG cluster-ClusterId{value='563ab660c95d7610d51724c3', description='null'}-localhost:27017 org.mongodb.driver.cluster - Checking status of localhost:27017
DEBUG cluster-ClusterId{value='563ab660c95d7610d51724c3', description='null'}-localhost:27017 org.mongodb.driver.cluster - Updating cluster description to  {type=STANDALONE, servers=[{address=localhost:27017, type=STANDALONE, roundTripTime=0.8 ms, state=CONNECTED}]
DEBUG cluster-ClusterId{value='563ab660c95d7610d51724c3', description='null'}-localhost:27017 org.mongodb.driver.cluster - Checking status of localhost:27017
DEBUG cluster-ClusterId{value='563ab660c95d7610d51724c3', description='null'}-localhost:27017 org.mongodb.driver.cluster - Updating cluster description to  {type=STANDALONE, servers=[{address=localhost:27017, type=STANDALONE, roundTripTime=0.8 ms, state=CONNECTED}]
DEBUG qtp1241938981-18 Selector1 org.eclipse.jetty.io.nio - created SCEP@1be0eaea{l(/0:0:0:0:0:0:0:1:56739)<->r(/0:0:0:0:0:0:0:1:3000),s=0,open=true,ishut=false,oshut=false,rb=false,wb=false,w=true,i=0}-{AsyncHttpConnection@5aca30e3,g=HttpGenerator{s=0,h=-1,b=-1,c=-1},p=HttpParser{s=-14,l=0,c=0},r=0}
DEBUG qtp1241938981-17 Selector0 org.eclipse.jetty.io.nio - created SCEP@2c9a52a9{l(/0:0:0:0:0:0:0:1:56738)<->r(/0:0:0:0:0:0:0:1:3000),s=0,open=true,ishut=false,oshut=false,rb=false,wb=false,w=true,i=0}-{AsyncHttpConnection@14f78335,g=HttpGenerator{s=0,h=-1,b=-1,c=-1},p=HttpParser{s=-14,l=0,c=0},r=0}
DEBUG qtp1241938981-17 Selector0 org.eclipse.jetty.io.nio - created SCEP@1c22e3b6{l(/0:0:0:0:0:0:0:1:56740)<->r(/0:0:0:0:0:0:0:1:3000),s=0,open=true,ishut=false,oshut=false,rb=false,wb=false,w=true,i=0}-{AsyncHttpConnection@6253e581,g=HttpGenerator{s=0,h=-1,b=-1,c=-1},p=HttpParser{s=-14,l=0,c=0},r=0}
DEBUG qtp1241938981-36 org.eclipse.jetty.http.HttpParser - filled 0/0
DEBUG qtp1241938981-36 org.eclipse.jetty.http.HttpParser - filled 0/0
DEBUG qtp1241938981-29 org.eclipse.jetty.http.HttpParser - filled 512/512
DEBUG qtp1241938981-31 org.eclipse.jetty.http.HttpParser - filled 0/0
DEBUG qtp1241938981-29 - / org.eclipse.jetty.server.Server - REQUEST / on AsyncHttpConnection@748d51d,g=HttpGenerator{s=0,h=-1,b=-1,c=-1},p=HttpParser{s=-5,l=63,c=0},r=35
DEBUG qtp1241938981-29 - / org.eclipse.jetty.server.Server - RESPONSE /  200 handled=true
DEBUG qtp1241938981-29 org.eclipse.jetty.server.AsyncHttpConnection - Enabled read interest SCEP@38972679{l(/0:0:0:0:0:0:0:1:56294)<->r(/0:0:0:0:0:0:0:1:3000),s=1,open=true,ishut=false,oshut=false,rb=false,wb=false,w=true,i=1r}-{AsyncHttpConnection@748d51d,g=HttpGenerator{s=4,h=0,b=0,c=-1},p=HttpParser{s=0,l=63,c=0},r=35}
DEBUG qtp1241938981-29 org.eclipse.jetty.http.HttpParser - filled 0/0
DEBUG qtp1241938981-33 org.eclipse.jetty.http.HttpParser - filled 460/460
DEBUG qtp1241938981-33 - /api/products org.eclipse.jetty.server.Server - REQUEST /api/products on AsyncHttpConnection@748d51d,g=HttpGenerator{s=0,h=-1,b=-1,c=-1},p=HttpParser{s=-5,l=63,c=0},r=36
DEBUG qtp1241938981-33 - /api/products org.eclipse.jetty.server.Server - RESPONSE /api/products  406 handled=true
DEBUG qtp1241938981-33 org.eclipse.jetty.server.AsyncHttpConnection - Enabled read interest SCEP@38972679{l(/0:0:0:0:0:0:0:1:56294)<->r(/0:0:0:0:0:0:0:1:3000),s=1,open=true,ishut=false,oshut=false,rb=false,wb=false,w=true,i=1r}-{AsyncHttpConnection@748d51d,g=HttpGenerator{s=4,h=0,b=0,c=-1},p=HttpParser{s=0,l=63,c=0},r=36}
DEBUG qtp1241938981-33 org.eclipse.jetty.http.HttpParser - filled 0/0
DEBUG cluster-ClusterId{value='563ab660c95d7610d51724c3', description='null'}-localhost:27017 org.mongodb.driver.cluster - Checking status of localhost:27017
DEBUG cluster-ClusterId{value='563ab660c95d7610d51724c3', description='null'}-localhost:27017 org.mongodb.driver.cluster - Updating cluster description to  {type=STANDALONE, servers=[{address=localhost:27017, type=STANDALONE, roundTripTime=0.7 ms, state=CONNECTED}]
DEBUG cluster-ClusterId{value='563ab660c95d7610d51724c3', description='null'}-localhost:27017 org.mongodb.driver.cluster - Checking status of localhost:27017
DEBUG cluster-ClusterId{value='563ab660c95d7610d51724c3', description='null'}-localhost:27017 org.mongodb.driver.cluster - Updating cluster description to  {type=STANDALONE, servers=[{address=localhost:27017, type=STANDALONE, roundTripTime=0.8 ms, state=CONNECTED}]
