2015-Nov-04 11:13:22 -0200 Vitors-MacBook-Pro.local INFO [products.handler] - products started successfully
2015-Nov-04 11:21:25 -0200 Vitors-MacBook-Pro.local INFO [products.handler] - products is shutting down...
2015-Nov-04 11:21:56 -0200 Vitors-MacBook-Pro.local INFO [products.handler] - products started successfully
2015-Nov-04 11:22:02 -0200 Vitors-MacBook-Pro.local INFO [products.handler] - products is shutting down...
2015-Nov-04 11:22:29 -0200 Vitors-MacBook-Pro.local INFO [products.handler] - products started successfully
2015-Nov-04 11:26:58 -0200 Vitors-MacBook-Pro.local INFO [products.handler] - products is shutting down...
2015-Nov-04 11:32:52 -0200 Vitors-MacBook-Pro.local INFO [products.handler] - products started successfully
2015-Nov-04 11:35:53 -0200 Vitors-MacBook-Pro.local INFO [products.handler] - products is shutting down...
2015-Nov-04 11:36:21 -0200 Vitors-MacBook-Pro.local INFO [products.handler] - products started successfully
2015-Nov-04 14:25:40 -0200 Vitors-MacBook-Pro.local INFO [products.handler] - products is shutting down...
2015-Nov-04 18:03:39 -0200 Vitors-MacBook-Pro.local INFO [products.handler] - products started successfully
2015-Nov-04 18:28:18 -0200 Vitors-MacBook-Pro.local INFO [products.handler] - products is shutting down...
2015-Nov-04 18:30:26 -0200 Vitors-MacBook-Pro.local INFO [products.handler] - products started successfully
2015-Nov-04 18:42:24 -0200 Vitors-MacBook-Pro.local INFO [products.handler] - products is shutting down...
2015-Nov-04 19:15:14 -0200 Vitors-MacBook-Pro.local INFO [products.handler] - products started successfully
2015-Nov-04 19:45:51 -0200 Vitors-MacBook-Pro.local INFO [products.handler] - products is shutting down...
2015-Nov-04 23:22:04 -0200 Vitors-MacBook-Pro.local INFO [products.handler] - products started successfully
2015-Nov-04 23:34:06 -0200 Vitors-MacBook-Pro.local INFO [products.handler] - products is shutting down...
2015-Nov-04 23:35:05 -0200 Vitors-MacBook-Pro.local INFO [products.handler] - products started successfully
2015-Nov-04 23:39:33 -0200 Vitors-MacBook-Pro.local INFO [products.handler] - products is shutting down...
2015-Nov-04 23:40:11 -0200 Vitors-MacBook-Pro.local INFO [products.handler] - products started successfully
2015-Nov-04 23:42:11 -0200 Vitors-MacBook-Pro.local INFO [products.handler] - products is shutting down...
2015-Nov-04 23:43:59 -0200 Vitors-MacBook-Pro.local INFO [products.handler] - products started successfully
2015-Nov-04 23:45:55 -0200 Vitors-MacBook-Pro.local INFO [products.handler] - products is shutting down...
2015-Nov-04 23:46:33 -0200 Vitors-MacBook-Pro.local INFO [products.handler] - products started successfully
2015-Nov-04 23:47:58 -0200 Vitors-MacBook-Pro.local INFO [products.handler] - products is shutting down...
2015-Nov-04 23:48:37 -0200 Vitors-MacBook-Pro.local INFO [products.handler] - products started successfully
2015-Nov-04 23:49:19 -0200 Vitors-MacBook-Pro.local INFO [products.handler] - products is shutting down...
2015-Nov-04 23:49:55 -0200 Vitors-MacBook-Pro.local INFO [products.handler] - products started successfully
2015-Nov-04 23:52:10 -0200 Vitors-MacBook-Pro.local INFO [products.handler] - products is shutting down...
2015-Nov-04 23:52:55 -0200 Vitors-MacBook-Pro.local INFO [products.handler] - products started successfully
2015-Nov-05 00:15:40 -0200 Vitors-MacBook-Pro.local INFO [products.handler] - products is shutting down...
2015-Nov-05 00:16:41 -0200 Vitors-MacBook-Pro.local INFO [products.handler] - products started successfully
2015-Nov-05 00:29:10 -0200 Vitors-MacBook-Pro.local INFO [products.handler] - products is shutting down...
2015-Nov-05 00:30:23 -0200 Vitors-MacBook-Pro.local INFO [products.handler] - products started successfully
2015-Nov-05 00:31:46 -0200 Vitors-MacBook-Pro.local INFO [products.handler] - products is shutting down...
2015-Nov-05 00:40:39 -0200 Vitors-MacBook-Pro.local INFO [products.handler] - products started successfully
2015-Nov-05 00:41:26 -0200 Vitors-MacBook-Pro.local INFO [products.routes.api] - teste
2015-Nov-05 00:42:23 -0200 Vitors-MacBook-Pro.local INFO [products.routes.api] - #<api$get_products products.routes.api$get_products@549d6eb3>
2015-Nov-05 00:42:35 -0200 Vitors-MacBook-Pro.local INFO [products.routes.api] - #<api$get_products products.routes.api$get_products@549d6eb3>
2015-Nov-05 00:43:22 -0200 Vitors-MacBook-Pro.local INFO [products.routes.api] - #<api$get_products products.routes.api$get_products@38a03a2f>
2015-Nov-05 00:50:13 -0200 Vitors-MacBook-Pro.local INFO [products.routes.api] - #<api$get_products products.routes.api$get_products@75dda1af>
2015-Nov-05 00:50:15 -0200 Vitors-MacBook-Pro.local INFO [products.routes.api] - #<api$get_products products.routes.api$get_products@75dda1af>
2015-Nov-05 00:51:06 -0200 Vitors-MacBook-Pro.local INFO [products.routes.api] - #<api$get_products products.routes.api$get_products@49dc4c6c>
2015-Nov-05 00:51:24 -0200 Vitors-MacBook-Pro.local INFO [products.routes.api] - #<api$get_products products.routes.api$get_products@49dc4c6c>
2015-Nov-05 01:01:31 -0200 Vitors-MacBook-Pro.local INFO [products.routes.api] - teste
2015-Nov-05 01:02:26 -0200 Vitors-MacBook-Pro.local INFO [products.routes.api] - {:status 200, :headers {Content-Type application/json;charset=UTF-8}, :body #<http$print_fn$fn__6228 io.pedestal.http$print_fn$fn__6228@43160cb6>}
2015-Nov-05 01:04:13 -0200 Vitors-MacBook-Pro.local INFO [products.routes.api] - ({:_id #<ObjectId 563ab41331c03c0eab8dff7f>, :name PRODUCT TEST 1, :price 1.20, :dueDate 31/12/1996} {:_id #<ObjectId 563ab41331c03c0eab8dff80>, :name PRODUCT TEST 2, :price 1.20, :dueDate 31/12/1996} {:_id #<ObjectId 563ab41331c03c0eab8dff81>, :name PRODUCT TEST 4, :price 1.20, :dueDate 31/12/1996} {:_id #<ObjectId 563ab41331c03c0eab8dff82>, :name PRODUCT TEST 5, :price 1.20, :dueDate 31/12/1996} {:_id #<ObjectId 563ab41331c03c0eab8dff83>, :name PRODUCT TEST 3, :price 1.20, :dueDate 31/12/1996})
2015-Nov-05 01:08:17 -0200 Vitors-MacBook-Pro.local INFO [products.routes.api] - ({:_id #<ObjectId 563ab41331c03c0eab8dff7f>, :name PRODUCT TEST 1, :price 1.20, :dueDate 31/12/1996} {:_id #<ObjectId 563ab41331c03c0eab8dff80>, :name PRODUCT TEST 2, :price 1.20, :dueDate 31/12/1996} {:_id #<ObjectId 563ab41331c03c0eab8dff81>, :name PRODUCT TEST 4, :price 1.20, :dueDate 31/12/1996} {:_id #<ObjectId 563ab41331c03c0eab8dff82>, :name PRODUCT TEST 5, :price 1.20, :dueDate 31/12/1996} {:_id #<ObjectId 563ab41331c03c0eab8dff83>, :name PRODUCT TEST 3, :price 1.20, :dueDate 31/12/1996})
2015-Nov-05 01:09:42 -0200 Vitors-MacBook-Pro.local INFO [products.handler] - products is shutting down...
2015-Nov-05 01:10:54 -0200 Vitors-MacBook-Pro.local INFO [products.handler] - products started successfully
2015-Nov-05 01:14:24 -0200 Vitors-MacBook-Pro.local INFO [products.handler] - products is shutting down...
2015-Nov-05 01:15:07 -0200 Vitors-MacBook-Pro.local INFO [products.handler] - products started successfully
2015-Nov-05 01:20:28 -0200 Vitors-MacBook-Pro.local INFO [products.handler] - products is shutting down...
2015-Nov-05 01:21:35 -0200 Vitors-MacBook-Pro.local INFO [products.handler] - products started successfully
2015-Nov-05 01:22:20 -0200 Vitors-MacBook-Pro.local INFO [products.handler] - products is shutting down...
2015-Nov-05 01:23:34 -0200 Vitors-MacBook-Pro.local INFO [products.handler] - products started successfully
2015-Nov-05 01:23:45 -0200 Vitors-MacBook-Pro.local INFO [products.handler] - products is shutting down...
2015-Nov-05 15:30:42 -0200 Vitors-MacBook-Pro.local INFO [products.handler] - products started successfully
2015-Nov-05 15:34:34 -0200 Vitors-MacBook-Pro.local INFO [products.handler] - products is shutting down...
2015-Nov-05 15:35:36 -0200 Vitors-MacBook-Pro.local INFO [products.handler] - products started successfully
2015-Nov-05 16:09:10 -0200 Vitors-MacBook-Pro.local INFO [products.handler] - products is shutting down...
2015-Nov-05 16:13:31 -0200 Vitors-MacBook-Pro.local INFO [products.handler] - products started successfully
2015-Nov-05 16:27:35 -0200 Vitors-MacBook-Pro.local INFO [products.handler] - products is shutting down...
2015-Nov-05 16:28:58 -0200 Vitors-MacBook-Pro.local INFO [products.handler] - products started successfully
2015-Nov-05 16:53:27 -0200 Vitors-MacBook-Pro.local INFO [products.handler] - products is shutting down...
2015-Nov-05 16:54:45 -0200 Vitors-MacBook-Pro.local INFO [products.handler] - products started successfully
2015-Nov-05 17:10:07 -0200 Vitors-MacBook-Pro.local INFO [products.handler] - products is shutting down...
