[2015-11-04 23:49:27,410][DEBUG][org.eclipse.jetty.util.log] Logging to org.slf4j.impl.Log4jLoggerAdapter(org.eclipse.jetty.util.log) via org.eclipse.jetty.util.log.Slf4jLog
[2015-11-04 23:49:36,380][INFO][org.mongodb.driver.cluster] Cluster created with settings {hosts=[localhost:27017], mode=SINGLE, requiredClusterType=UNKNOWN, serverSelectionTimeout='30000 ms', maxWaitQueueSize=500}
[2015-11-04 23:49:36,453][DEBUG][org.mongodb.driver.cluster] Updating cluster description to  {type=UNKNOWN, servers=[{address=localhost:27017, type=UNKNOWN, state=CONNECTING}]
[2015-11-04 23:49:36,492][INFO][org.mongodb.driver.connection] Opened connection [connectionId{localValue:1, serverValue:16}] to localhost:27017
[2015-11-04 23:49:36,492][DEBUG][org.mongodb.driver.cluster] Checking status of localhost:27017
[2015-11-04 23:49:36,494][INFO][org.mongodb.driver.cluster] Monitor thread successfully connected to server with description ServerDescription{address=localhost:27017, type=STANDALONE, state=CONNECTED, ok=true, version=ServerVersion{versionList=[3, 0, 0]}, minWireVersion=0, maxWireVersion=3, electionId=null, maxDocumentSize=16777216, roundTripTimeNanos=2031216}
[2015-11-04 23:49:36,496][DEBUG][org.mongodb.driver.cluster] Updating cluster description to  {type=STANDALONE, servers=[{address=localhost:27017, type=STANDALONE, roundTripTime=2.0 ms, state=CONNECTED}]
[2015-11-04 23:49:46,500][DEBUG][org.mongodb.driver.cluster] Checking status of localhost:27017
[2015-11-04 23:49:46,501][DEBUG][org.mongodb.driver.cluster] Updating cluster description to  {type=STANDALONE, servers=[{address=localhost:27017, type=STANDALONE, roundTripTime=1.8 ms, state=CONNECTED}]
[2015-11-04 23:49:55,395][DEBUG][org.eclipse.jetty.util.component.Container] Container org.eclipse.jetty.server.Server@74bdc168 + SelectChannelConnector@0.0.0.0:3000 as connector
[2015-11-04 23:49:55,415][DEBUG][org.eclipse.jetty.util.component.Container] Container org.eclipse.jetty.server.Server@74bdc168 + ring.adapter.jetty.proxy$org.eclipse.jetty.server.handler.AbstractHandler$ff19274a@7f811d00 as handler
[2015-11-04 23:49:55,415][DEBUG][org.eclipse.jetty.util.component.Container] Container org.eclipse.jetty.server.Server@74bdc168 + qtp2092885124{8<=0<=0/50,-1} as threadpool
[2015-11-04 23:49:55,415][DEBUG][org.eclipse.jetty.util.component.AbstractLifeCycle] starting org.eclipse.jetty.server.Server@74bdc168
[2015-11-04 23:49:55,417][INFO][org.eclipse.jetty.server.Server] jetty-7.6.13.v20130916
[2015-11-04 23:49:55,430][DEBUG][org.eclipse.jetty.util.component.AbstractLifeCycle] starting ring.adapter.jetty.proxy$org.eclipse.jetty.server.handler.AbstractHandler$ff19274a@7f811d00
[2015-11-04 23:49:55,431][DEBUG][org.eclipse.jetty.server.handler.AbstractHandler] starting ring.adapter.jetty.proxy$org.eclipse.jetty.server.handler.AbstractHandler$ff19274a@7f811d00
[2015-11-04 23:49:55,431][DEBUG][org.eclipse.jetty.util.component.AbstractLifeCycle] STARTED ring.adapter.jetty.proxy$org.eclipse.jetty.server.handler.AbstractHandler$ff19274a@7f811d00
[2015-11-04 23:49:55,431][DEBUG][org.eclipse.jetty.server.handler.AbstractHandler] starting org.eclipse.jetty.server.Server@74bdc168
[2015-11-04 23:49:55,431][DEBUG][org.eclipse.jetty.util.component.AbstractLifeCycle] starting qtp2092885124{8<=0<=0/50,-1}
[2015-11-04 23:49:55,433][DEBUG][org.eclipse.jetty.util.component.AbstractLifeCycle] STARTED qtp2092885124{8<=7<=8/50,0}
[2015-11-04 23:49:55,433][DEBUG][org.eclipse.jetty.util.component.AbstractLifeCycle] starting SelectChannelConnector@0.0.0.0:3000
[2015-11-04 23:49:55,444][DEBUG][org.eclipse.jetty.util.component.AbstractLifeCycle] starting null/null
[2015-11-04 23:49:55,446][DEBUG][org.eclipse.jetty.util.component.AbstractLifeCycle] STARTED PooledBuffers [0/1024@6144,0/1024@16384,0/1024@-]/PooledBuffers [0/1024@6144,0/1024@32768,0/1024@-]
[2015-11-04 23:49:55,446][DEBUG][org.eclipse.jetty.util.component.AbstractLifeCycle] starting org.eclipse.jetty.server.nio.SelectChannelConnector$ConnectorSelectorManager@62417a16
[2015-11-04 23:49:55,454][DEBUG][org.eclipse.jetty.util.component.AbstractLifeCycle] STARTED org.eclipse.jetty.server.nio.SelectChannelConnector$ConnectorSelectorManager@62417a16
[2015-11-04 23:49:55,455][DEBUG][org.eclipse.jetty.io.nio] Starting Thread[qtp2092885124-18 Selector0,5,main] on org.eclipse.jetty.io.nio.SelectorManager$1@5d0ab6f5
[2015-11-04 23:49:55,455][DEBUG][org.eclipse.jetty.io.nio] Starting Thread[qtp2092885124-17 Selector1,5,main] on org.eclipse.jetty.io.nio.SelectorManager$1@683dfea3
[2015-11-04 23:49:55,456][INFO][org.eclipse.jetty.server.AbstractConnector] Started SelectChannelConnector@0.0.0.0:3000
[2015-11-04 23:49:55,456][DEBUG][org.eclipse.jetty.util.component.AbstractLifeCycle] STARTED SelectChannelConnector@0.0.0.0:3000
[2015-11-04 23:49:55,456][DEBUG][org.eclipse.jetty.util.component.AbstractLifeCycle] STARTED org.eclipse.jetty.server.Server@74bdc168
[2015-11-04 23:49:55,592][DEBUG][org.eclipse.jetty.io.nio] created SCEP@5f122a3a{l(/0:0:0:0:0:0:0:1:55994)<->r(/0:0:0:0:0:0:0:1:3000),s=0,open=true,ishut=false,oshut=false,rb=false,wb=false,w=true,i=0}-{AsyncHttpConnection@145433f3,g=HttpGenerator{s=0,h=-1,b=-1,c=-1},p=HttpParser{s=-14,l=0,c=0},r=0}
[2015-11-04 23:49:55,592][DEBUG][org.eclipse.jetty.io.nio] created SCEP@57f2dd85{l(/0:0:0:0:0:0:0:1:55995)<->r(/0:0:0:0:0:0:0:1:3000),s=0,open=true,ishut=false,oshut=false,rb=false,wb=false,w=true,i=0}-{AsyncHttpConnection@12f0491f,g=HttpGenerator{s=0,h=-1,b=-1,c=-1},p=HttpParser{s=-14,l=0,c=0},r=0}
[2015-11-04 23:49:55,593][DEBUG][org.eclipse.jetty.io.nio] created SCEP@23285ca5{l(/0:0:0:0:0:0:0:1:55996)<->r(/0:0:0:0:0:0:0:1:3000),s=0,open=true,ishut=false,oshut=false,rb=false,wb=false,w=true,i=0}-{AsyncHttpConnection@6277b3b0,g=HttpGenerator{s=0,h=-1,b=-1,c=-1},p=HttpParser{s=-14,l=0,c=0},r=0}
[2015-11-04 23:49:55,593][DEBUG][org.eclipse.jetty.io.nio] created SCEP@83f968f{l(/0:0:0:0:0:0:0:1:55997)<->r(/0:0:0:0:0:0:0:1:3000),s=0,open=true,ishut=false,oshut=false,rb=false,wb=false,w=true,i=0}-{AsyncHttpConnection@46323e48,g=HttpGenerator{s=0,h=-1,b=-1,c=-1},p=HttpParser{s=-14,l=0,c=0},r=0}
[2015-11-04 23:49:55,596][DEBUG][org.eclipse.jetty.io.nio] created SCEP@47ea9009{l(/0:0:0:0:0:0:0:1:55998)<->r(/0:0:0:0:0:0:0:1:3000),s=0,open=true,ishut=false,oshut=false,rb=false,wb=false,w=true,i=0}-{AsyncHttpConnection@26463125,g=HttpGenerator{s=0,h=-1,b=-1,c=-1},p=HttpParser{s=-14,l=0,c=0},r=0}
[2015-11-04 23:49:55,596][DEBUG][org.eclipse.jetty.io.nio] created SCEP@641a122c{l(/0:0:0:0:0:0:0:1:55999)<->r(/0:0:0:0:0:0:0:1:3000),s=0,open=true,ishut=false,oshut=false,rb=false,wb=false,w=true,i=0}-{AsyncHttpConnection@10e57bce,g=HttpGenerator{s=0,h=-1,b=-1,c=-1},p=HttpParser{s=-14,l=0,c=0},r=0}
[2015-11-04 23:49:55,599][DEBUG][org.eclipse.jetty.http.HttpParser] filled 0/0
[2015-11-04 23:49:55,600][DEBUG][org.eclipse.jetty.http.HttpParser] filled 0/0
[2015-11-04 23:49:55,600][DEBUG][org.eclipse.jetty.http.HttpParser] filled 0/0
[2015-11-04 23:49:55,601][DEBUG][org.eclipse.jetty.http.HttpParser] filled 0/0
[2015-11-04 23:49:55,601][DEBUG][org.eclipse.jetty.http.HttpParser] filled 0/0
[2015-11-04 23:49:55,601][DEBUG][org.eclipse.jetty.http.HttpParser] filled 0/0
[2015-11-04 23:49:55,774][DEBUG][org.eclipse.jetty.http.HttpParser] filled 486/486
[2015-11-04 23:49:55,783][DEBUG][org.eclipse.jetty.server.Server] REQUEST / on AsyncHttpConnection@145433f3,g=HttpGenerator{s=0,h=-1,b=-1,c=-1},p=HttpParser{s=-5,l=63,c=0},r=1
[2015-11-04 23:49:56,090][DEBUG][org.eclipse.jetty.server.Server] RESPONSE /  200 handled=true
[2015-11-04 23:49:56,091][DEBUG][org.eclipse.jetty.server.AsyncHttpConnection] Enabled read interest SCEP@5f122a3a{l(/0:0:0:0:0:0:0:1:55994)<->r(/0:0:0:0:0:0:0:1:3000),s=1,open=true,ishut=false,oshut=false,rb=false,wb=false,w=true,i=1r}-{AsyncHttpConnection@145433f3,g=HttpGenerator{s=4,h=0,b=0,c=-1},p=HttpParser{s=0,l=63,c=0},r=1}
[2015-11-04 23:49:56,095][DEBUG][org.eclipse.jetty.http.HttpParser] filled 0/0
[2015-11-04 23:49:56,333][DEBUG][org.eclipse.jetty.http.HttpParser] filled 460/460
[2015-11-04 23:49:56,333][DEBUG][org.eclipse.jetty.server.Server] REQUEST /api/products on AsyncHttpConnection@145433f3,g=HttpGenerator{s=0,h=-1,b=-1,c=-1},p=HttpParser{s=-5,l=63,c=0},r=2
[2015-11-04 23:49:56,503][DEBUG][org.mongodb.driver.cluster] Checking status of localhost:27017
[2015-11-04 23:49:56,505][DEBUG][org.mongodb.driver.cluster] Updating cluster description to  {type=STANDALONE, servers=[{address=localhost:27017, type=STANDALONE, roundTripTime=1.6 ms, state=CONNECTED}]
[2015-11-04 23:49:56,531][DEBUG][org.eclipse.jetty.server.Server] RESPONSE /api/products  500 handled=true
[2015-11-04 23:49:56,532][DEBUG][org.eclipse.jetty.server.AsyncHttpConnection] Enabled read interest SCEP@5f122a3a{l(/0:0:0:0:0:0:0:1:55994)<->r(/0:0:0:0:0:0:0:1:3000),s=1,open=true,ishut=false,oshut=false,rb=false,wb=false,w=true,i=1r}-{AsyncHttpConnection@145433f3,g=HttpGenerator{s=4,h=0,b=0,c=-1},p=HttpParser{s=0,l=63,c=0},r=2}
[2015-11-04 23:49:56,532][DEBUG][org.eclipse.jetty.http.HttpParser] filled 0/0
[2015-11-04 23:50:06,509][DEBUG][org.mongodb.driver.cluster] Checking status of localhost:27017
[2015-11-04 23:50:06,511][DEBUG][org.mongodb.driver.cluster] Updating cluster description to  {type=STANDALONE, servers=[{address=localhost:27017, type=STANDALONE, roundTripTime=1.4 ms, state=CONNECTED}]
[2015-11-04 23:50:16,513][DEBUG][org.mongodb.driver.cluster] Checking status of localhost:27017
[2015-11-04 23:50:16,515][DEBUG][org.mongodb.driver.cluster] Updating cluster description to  {type=STANDALONE, servers=[{address=localhost:27017, type=STANDALONE, roundTripTime=1.4 ms, state=CONNECTED}]
[2015-11-04 23:50:26,516][DEBUG][org.mongodb.driver.cluster] Checking status of localhost:27017
[2015-11-04 23:50:26,518][DEBUG][org.mongodb.driver.cluster] Updating cluster description to  {type=STANDALONE, servers=[{address=localhost:27017, type=STANDALONE, roundTripTime=1.4 ms, state=CONNECTED}]
[2015-11-04 23:50:32,695][DEBUG][org.eclipse.jetty.io.nio.ChannelEndPoint] ishut SCEP@57f2dd85{l(/0:0:0:0:0:0:0:1:55995)<->r(/0:0:0:0:0:0:0:1:3000),s=1,open=true,ishut=false,oshut=false,rb=false,wb=false,w=true,i=1r}-{AsyncHttpConnection@12f0491f,g=HttpGenerator{s=0,h=-1,b=-1,c=-1},p=HttpParser{s=-14,l=0,c=0},r=0}
[2015-11-04 23:50:32,696][DEBUG][org.eclipse.jetty.io.nio.ChannelEndPoint] ishut SCEP@23285ca5{l(/0:0:0:0:0:0:0:1:55996)<->r(/0:0:0:0:0:0:0:1:3000),s=1,open=true,ishut=false,oshut=false,rb=false,wb=false,w=true,i=1r}-{AsyncHttpConnection@6277b3b0,g=HttpGenerator{s=0,h=-1,b=-1,c=-1},p=HttpParser{s=-14,l=0,c=0},r=0}
[2015-11-04 23:50:32,696][DEBUG][org.eclipse.jetty.io.nio.ChannelEndPoint] ishut SCEP@641a122c{l(/0:0:0:0:0:0:0:1:55999)<->r(/0:0:0:0:0:0:0:1:3000),s=1,open=true,ishut=false,oshut=false,rb=false,wb=false,w=true,i=1r}-{AsyncHttpConnection@10e57bce,g=HttpGenerator{s=0,h=-1,b=-1,c=-1},p=HttpParser{s=-14,l=0,c=0},r=0}
[2015-11-04 23:50:32,695][DEBUG][org.eclipse.jetty.io.nio.ChannelEndPoint] ishut SCEP@83f968f{l(/0:0:0:0:0:0:0:1:55997)<->r(/0:0:0:0:0:0:0:1:3000),s=1,open=true,ishut=false,oshut=false,rb=false,wb=false,w=true,i=1r}-{AsyncHttpConnection@46323e48,g=HttpGenerator{s=0,h=-1,b=-1,c=-1},p=HttpParser{s=-14,l=0,c=0},r=0}
[2015-11-04 23:50:32,696][DEBUG][org.eclipse.jetty.io.nio.ChannelEndPoint] ishut SCEP@47ea9009{l(/0:0:0:0:0:0:0:1:55998)<->r(/0:0:0:0:0:0:0:1:3000),s=1,open=true,ishut=false,oshut=false,rb=false,wb=false,w=true,i=1r}-{AsyncHttpConnection@26463125,g=HttpGenerator{s=0,h=-1,b=-1,c=-1},p=HttpParser{s=-14,l=0,c=0},r=0}
[2015-11-04 23:50:32,697][DEBUG][org.eclipse.jetty.http.HttpParser] filled -1/0
[2015-11-04 23:50:32,698][DEBUG][org.eclipse.jetty.server.AsyncHttpConnection] Disabled read interest while writing response SCEP@57f2dd85{l(/0:0:0:0:0:0:0:1:55995)<->r(/0:0:0:0:0:0:0:1:3000),s=1,open=true,ishut=true,oshut=false,rb=false,wb=false,w=true,i=1r}-{AsyncHttpConnection@12f0491f,g=HttpGenerator{s=0,h=-1,b=-1,c=-1},p=HttpParser{s=0,l=0,c=0},r=0}
[2015-11-04 23:50:32,698][DEBUG][org.eclipse.jetty.http.HttpParser] filled -1/0
[2015-11-04 23:50:32,698][DEBUG][org.eclipse.jetty.io.nio.ChannelEndPoint] close SCEP@57f2dd85{l(/0:0:0:0:0:0:0:1:55995)<->r(/0:0:0:0:0:0:0:1:3000),s=1,open=true,ishut=true,oshut=false,rb=false,wb=false,w=true,i=1r}-{AsyncHttpConnection@12f0491f,g=HttpGenerator{s=0,h=-1,b=-1,c=-1},p=HttpParser{s=0,l=0,c=0},r=0}
[2015-11-04 23:50:32,698][DEBUG][org.eclipse.jetty.server.AsyncHttpConnection] Disabled read interest while writing response SCEP@47ea9009{l(/0:0:0:0:0:0:0:1:55998)<->r(/0:0:0:0:0:0:0:1:3000),s=1,open=true,ishut=true,oshut=false,rb=false,wb=false,w=true,i=1r}-{AsyncHttpConnection@26463125,g=HttpGenerator{s=0,h=-1,b=-1,c=-1},p=HttpParser{s=0,l=0,c=0},r=0}
[2015-11-04 23:50:32,699][DEBUG][org.eclipse.jetty.io.nio.ChannelEndPoint] close SCEP@47ea9009{l(/0:0:0:0:0:0:0:1:55998)<->r(/0:0:0:0:0:0:0:1:3000),s=1,open=true,ishut=true,oshut=false,rb=false,wb=false,w=true,i=1r}-{AsyncHttpConnection@26463125,g=HttpGenerator{s=0,h=-1,b=-1,c=-1},p=HttpParser{s=0,l=0,c=0},r=0}
[2015-11-04 23:50:32,699][DEBUG][org.eclipse.jetty.http.HttpParser] filled -1/0
[2015-11-04 23:50:32,700][DEBUG][org.eclipse.jetty.http.HttpParser] filled -1/0
[2015-11-04 23:50:32,700][DEBUG][org.eclipse.jetty.server.AsyncHttpConnection] Disabled read interest while writing response SCEP@83f968f{l(/0:0:0:0:0:0:0:1:55997)<->r(/0:0:0:0:0:0:0:1:3000),s=1,open=true,ishut=true,oshut=false,rb=false,wb=false,w=true,i=1r}-{AsyncHttpConnection@46323e48,g=HttpGenerator{s=0,h=-1,b=-1,c=-1},p=HttpParser{s=0,l=0,c=0},r=0}
[2015-11-04 23:50:32,700][DEBUG][org.eclipse.jetty.server.AsyncHttpConnection] Disabled read interest while writing response SCEP@641a122c{l(/0:0:0:0:0:0:0:1:55999)<->r(/0:0:0:0:0:0:0:1:3000),s=1,open=true,ishut=true,oshut=false,rb=false,wb=false,w=true,i=1r}-{AsyncHttpConnection@10e57bce,g=HttpGenerator{s=0,h=-1,b=-1,c=-1},p=HttpParser{s=0,l=0,c=0},r=0}
[2015-11-04 23:50:32,700][DEBUG][org.eclipse.jetty.io.nio.ChannelEndPoint] close SCEP@83f968f{l(/0:0:0:0:0:0:0:1:55997)<->r(/0:0:0:0:0:0:0:1:3000),s=1,open=true,ishut=true,oshut=false,rb=false,wb=false,w=true,i=1r}-{AsyncHttpConnection@46323e48,g=HttpGenerator{s=0,h=-1,b=-1,c=-1},p=HttpParser{s=0,l=0,c=0},r=0}
[2015-11-04 23:50:32,700][DEBUG][org.eclipse.jetty.io.nio.ChannelEndPoint] close SCEP@641a122c{l(/0:0:0:0:0:0:0:1:55999)<->r(/0:0:0:0:0:0:0:1:3000),s=1,open=true,ishut=true,oshut=false,rb=false,wb=false,w=true,i=1r}-{AsyncHttpConnection@10e57bce,g=HttpGenerator{s=0,h=-1,b=-1,c=-1},p=HttpParser{s=0,l=0,c=0},r=0}
[2015-11-04 23:50:32,702][DEBUG][org.eclipse.jetty.http.HttpParser] filled -1/0
[2015-11-04 23:50:32,703][DEBUG][org.eclipse.jetty.server.AsyncHttpConnection] Disabled read interest while writing response SCEP@23285ca5{l(/0:0:0:0:0:0:0:1:55996)<->r(/0:0:0:0:0:0:0:1:3000),s=1,open=true,ishut=true,oshut=false,rb=false,wb=false,w=true,i=1r}-{AsyncHttpConnection@6277b3b0,g=HttpGenerator{s=0,h=-1,b=-1,c=-1},p=HttpParser{s=0,l=0,c=0},r=0}
[2015-11-04 23:50:32,703][DEBUG][org.eclipse.jetty.io.nio] destroyEndPoint SCEP@83f968f{l(null)<->r(0.0.0.0/0.0.0.0:3000),s=0,open=false,ishut=true,oshut=true,rb=false,wb=false,w=true,i=1!}-{AsyncHttpConnection@46323e48,g=HttpGenerator{s=0,h=-1,b=-1,c=-1},p=HttpParser{s=0,l=0,c=0},r=0}
[2015-11-04 23:50:32,703][DEBUG][org.eclipse.jetty.io.nio.ChannelEndPoint] close SCEP@23285ca5{l(/0:0:0:0:0:0:0:1:55996)<->r(/0:0:0:0:0:0:0:1:3000),s=1,open=true,ishut=true,oshut=false,rb=false,wb=false,w=true,i=1r}-{AsyncHttpConnection@6277b3b0,g=HttpGenerator{s=0,h=-1,b=-1,c=-1},p=HttpParser{s=0,l=0,c=0},r=0}
[2015-11-04 23:50:32,704][DEBUG][org.eclipse.jetty.server.AbstractHttpConnection] closed AsyncHttpConnection@46323e48,g=HttpGenerator{s=0,h=-1,b=-1,c=-1},p=HttpParser{s=0,l=0,c=0},r=0
[2015-11-04 23:50:32,705][DEBUG][org.eclipse.jetty.io.nio] destroyEndPoint SCEP@23285ca5{l(null)<->r(0.0.0.0/0.0.0.0:3000),s=0,open=false,ishut=true,oshut=true,rb=false,wb=false,w=true,i=1!}-{AsyncHttpConnection@6277b3b0,g=HttpGenerator{s=0,h=-1,b=-1,c=-1},p=HttpParser{s=0,l=0,c=0},r=0}
[2015-11-04 23:50:32,705][DEBUG][org.eclipse.jetty.io.nio] destroyEndPoint SCEP@641a122c{l(null)<->r(0.0.0.0/0.0.0.0:3000),s=0,open=false,ishut=true,oshut=true,rb=false,wb=false,w=true,i=1!}-{AsyncHttpConnection@10e57bce,g=HttpGenerator{s=0,h=-1,b=-1,c=-1},p=HttpParser{s=0,l=0,c=0},r=0}
[2015-11-04 23:50:32,705][DEBUG][org.eclipse.jetty.server.AbstractHttpConnection] closed AsyncHttpConnection@10e57bce,g=HttpGenerator{s=0,h=-1,b=-1,c=-1},p=HttpParser{s=0,l=0,c=0},r=0
[2015-11-04 23:50:32,705][DEBUG][org.eclipse.jetty.server.AbstractHttpConnection] closed AsyncHttpConnection@6277b3b0,g=HttpGenerator{s=0,h=-1,b=-1,c=-1},p=HttpParser{s=0,l=0,c=0},r=0
[2015-11-04 23:50:32,706][DEBUG][org.eclipse.jetty.io.nio] destroyEndPoint SCEP@47ea9009{l(null)<->r(0.0.0.0/0.0.0.0:3000),s=0,open=false,ishut=true,oshut=true,rb=false,wb=false,w=true,i=1!}-{AsyncHttpConnection@26463125,g=HttpGenerator{s=0,h=-1,b=-1,c=-1},p=HttpParser{s=0,l=0,c=0},r=0}
[2015-11-04 23:50:32,706][DEBUG][org.eclipse.jetty.server.AbstractHttpConnection] closed AsyncHttpConnection@26463125,g=HttpGenerator{s=0,h=-1,b=-1,c=-1},p=HttpParser{s=0,l=0,c=0},r=0
[2015-11-04 23:50:32,706][DEBUG][org.eclipse.jetty.io.nio] destroyEndPoint SCEP@57f2dd85{l(null)<->r(0.0.0.0/0.0.0.0:3000),s=0,open=false,ishut=true,oshut=true,rb=false,wb=false,w=true,i=1!}-{AsyncHttpConnection@12f0491f,g=HttpGenerator{s=0,h=-1,b=-1,c=-1},p=HttpParser{s=0,l=0,c=0},r=0}
[2015-11-04 23:50:32,706][DEBUG][org.eclipse.jetty.server.AbstractHttpConnection] closed AsyncHttpConnection@12f0491f,g=HttpGenerator{s=0,h=-1,b=-1,c=-1},p=HttpParser{s=0,l=0,c=0},r=0
[2015-11-04 23:50:36,521][DEBUG][org.mongodb.driver.cluster] Checking status of localhost:27017
[2015-11-04 23:50:36,523][DEBUG][org.mongodb.driver.cluster] Updating cluster description to  {type=STANDALONE, servers=[{address=localhost:27017, type=STANDALONE, roundTripTime=1.4 ms, state=CONNECTED}]
[2015-11-04 23:50:46,526][DEBUG][org.mongodb.driver.cluster] Checking status of localhost:27017
[2015-11-04 23:50:46,527][DEBUG][org.mongodb.driver.cluster] Updating cluster description to  {type=STANDALONE, servers=[{address=localhost:27017, type=STANDALONE, roundTripTime=1.2 ms, state=CONNECTED}]
[2015-11-04 23:50:56,528][DEBUG][org.mongodb.driver.cluster] Checking status of localhost:27017
[2015-11-04 23:50:56,539][DEBUG][org.mongodb.driver.cluster] Updating cluster description to  {type=STANDALONE, servers=[{address=localhost:27017, type=STANDALONE, roundTripTime=1.2 ms, state=CONNECTED}]
[2015-11-04 23:51:06,539][DEBUG][org.mongodb.driver.cluster] Checking status of localhost:27017
[2015-11-04 23:51:06,540][DEBUG][org.mongodb.driver.cluster] Updating cluster description to  {type=STANDALONE, servers=[{address=localhost:27017, type=STANDALONE, roundTripTime=1.1 ms, state=CONNECTED}]
[2015-11-04 23:51:16,541][DEBUG][org.mongodb.driver.cluster] Checking status of localhost:27017
[2015-11-04 23:51:16,586][DEBUG][org.mongodb.driver.cluster] Updating cluster description to  {type=STANDALONE, servers=[{address=localhost:27017, type=STANDALONE, roundTripTime=1.2 ms, state=CONNECTED}]
[2015-11-04 23:51:26,587][DEBUG][org.mongodb.driver.cluster] Checking status of localhost:27017
[2015-11-04 23:51:26,589][DEBUG][org.mongodb.driver.cluster] Updating cluster description to  {type=STANDALONE, servers=[{address=localhost:27017, type=STANDALONE, roundTripTime=1.1 ms, state=CONNECTED}]
[2015-11-04 23:51:36,590][DEBUG][org.mongodb.driver.cluster] Checking status of localhost:27017
[2015-11-04 23:51:36,592][DEBUG][org.mongodb.driver.cluster] Updating cluster description to  {type=STANDALONE, servers=[{address=localhost:27017, type=STANDALONE, roundTripTime=1.2 ms, state=CONNECTED}]
[2015-11-04 23:51:46,593][DEBUG][org.mongodb.driver.cluster] Checking status of localhost:27017
[2015-11-04 23:51:46,595][DEBUG][org.mongodb.driver.cluster] Updating cluster description to  {type=STANDALONE, servers=[{address=localhost:27017, type=STANDALONE, roundTripTime=1.2 ms, state=CONNECTED}]
[2015-11-04 23:51:56,595][DEBUG][org.mongodb.driver.cluster] Checking status of localhost:27017
[2015-11-04 23:51:56,597][DEBUG][org.mongodb.driver.cluster] Updating cluster description to  {type=STANDALONE, servers=[{address=localhost:27017, type=STANDALONE, roundTripTime=1.2 ms, state=CONNECTED}]
[2015-11-04 23:52:06,599][DEBUG][org.mongodb.driver.cluster] Checking status of localhost:27017
[2015-11-04 23:52:06,600][DEBUG][org.mongodb.driver.cluster] Updating cluster description to  {type=STANDALONE, servers=[{address=localhost:27017, type=STANDALONE, roundTripTime=1.0 ms, state=CONNECTED}]
